#
# There is insufficient memory for the Java Runtime Environment to continue.
# Native memory allocation (malloc) failed to allocate 1489680 bytes for Chunk::new
# Possible reasons:
#   The system is out of physical RAM or swap space
#   The process is running with CompressedOops enabled, and the Java Heap may be blocking the growth of the native heap
# Possible solutions:
#   Reduce memory load on the system
#   Increase physical memory or swap space
#   Check if swap backing store is full
#   Decrease Java heap size (-Xmx/-Xms)
#   Decrease number of Java threads
#   Decrease Java thread stack sizes (-Xss)
#   Set larger code cache with -XX:ReservedCodeCacheSize=
#   JVM is running with Unscaled Compressed Oops mode in which the Java heap is
#     placed in the first 4GB address space. The Java Heap base address is the
#     maximum limit for the native heap growth. Please use -XX:HeapBaseMinAddress
#     to set the Java Heap base and to place the Java Heap above 4GB virtual address.
# This output file may be truncated or incomplete.
#
#  Out of Memory Error (arena.cpp:189), pid=13388, tid=11168
#
# JRE version: OpenJDK Runtime Environment Corretto-17.0.7.7.1 (17.0.7+7) (build 17.0.7+7-LTS)
# Java VM: OpenJDK 64-Bit Server VM Corretto-17.0.7.7.1 (17.0.7+7-LTS, mixed mode, sharing, tiered, compressed oops, compressed class ptrs, g1 gc, windows-amd64)
# No core dump will be written. Minidumps are not enabled by default on client versions of Windows
#

---------------  S U M M A R Y ------------

Command Line: -Dfile.encoding=windows-1252 -Duser.country=CO -Duser.language=es -Duser.variant com.karmelshoes.KarmelshoesApplication

Host: AMD A6-5200 APU with Radeon(TM) HD Graphics    , 4 cores, 3G,  Windows 10 , 64 bit Build 19041 (10.0.19041.3570)
Time: Thu Nov  2 18:52:21 2023 Hora est. Pacífico, Sudamérica elapsed time: 16.698382 seconds (0d 0h 0m 16s)

---------------  T H R E A D  ---------------

Current thread (0x000001cf37b9df50):  JavaThread "C2 CompilerThread0" daemon [_thread_in_native, id=11168, stack(0x0000009efd200000,0x0000009efd300000)]


Current CompileTask:
C2:  16698 3910       4       org.springframework.boot.context.properties.source.ConfigurationPropertyName$ElementsParser::parse (234 bytes)

Stack: [0x0000009efd200000,0x0000009efd300000]
Native frames: (J=compiled Java code, j=interpreted, Vv=VM code, C=native code)
V  [jvm.dll+0x64b53a]
V  [jvm.dll+0x7fef54]
V  [jvm.dll+0x80070e]
V  [jvm.dll+0x800d63]
V  [jvm.dll+0x236a2b]
V  [jvm.dll+0xbd47c]
V  [jvm.dll+0xbda5c]
V  [jvm.dll+0x350c37]
V  [jvm.dll+0x1b1780]
V  [jvm.dll+0x20addf]
V  [jvm.dll+0x20a287]
V  [jvm.dll+0x19a2ed]
V  [jvm.dll+0x21967d]
V  [jvm.dll+0x2178c4]
V  [jvm.dll+0x7b7dcb]
V  [jvm.dll+0x7b237a]
V  [jvm.dll+0x64a3a5]
C  [ucrtbase.dll+0x21bb2]
C  [KERNEL32.DLL+0x17344]
C  [ntdll.dll+0x526b1]


---------------  P R O C E S S  ---------------

Threads class SMR info:
_java_thread_list=0x000001cf3d5d86e0, length=18, elements={
0x000001cf1cbf6660, 0x000001cf1cc9f060, 0x000001cf1cca0670, 0x000001cf1ccb48b0,
0x000001cf1ccb7270, 0x000001cf1ccb83c0, 0x000001cf1ccba520, 0x000001cf37b9df50,
0x000001cf37ba4920, 0x000001cf37baff30, 0x000001cf3c0564f0, 0x000001cf3c05c560,
0x000001cf3c8eaa80, 0x000001cf3c9900e0, 0x000001cf3dd2a660, 0x000001cf3d029eb0,
0x000001cf3df2f850, 0x000001cf3cf929c0
}

Java Threads: ( => current thread )
  0x000001cf1cbf6660 JavaThread "main" [_thread_blocked, id=2100, stack(0x0000009efc500000,0x0000009efc600000)]
  0x000001cf1cc9f060 JavaThread "Reference Handler" daemon [_thread_blocked, id=3944, stack(0x0000009efcc00000,0x0000009efcd00000)]
  0x000001cf1cca0670 JavaThread "Finalizer" daemon [_thread_blocked, id=11688, stack(0x0000009efcd00000,0x0000009efce00000)]
  0x000001cf1ccb48b0 JavaThread "Signal Dispatcher" daemon [_thread_blocked, id=10176, stack(0x0000009efce00000,0x0000009efcf00000)]
  0x000001cf1ccb7270 JavaThread "Attach Listener" daemon [_thread_blocked, id=7668, stack(0x0000009efcf00000,0x0000009efd000000)]
  0x000001cf1ccb83c0 JavaThread "Service Thread" daemon [_thread_blocked, id=11252, stack(0x0000009efd000000,0x0000009efd100000)]
  0x000001cf1ccba520 JavaThread "Monitor Deflation Thread" daemon [_thread_blocked, id=4544, stack(0x0000009efd100000,0x0000009efd200000)]
=>0x000001cf37b9df50 JavaThread "C2 CompilerThread0" daemon [_thread_in_native, id=11168, stack(0x0000009efd200000,0x0000009efd300000)]
  0x000001cf37ba4920 JavaThread "C1 CompilerThread0" daemon [_thread_blocked, id=3588, stack(0x0000009efd300000,0x0000009efd400000)]
  0x000001cf37baff30 JavaThread "Sweeper thread" daemon [_thread_blocked, id=4796, stack(0x0000009efd400000,0x0000009efd500000)]
  0x000001cf3c0564f0 JavaThread "Notification Thread" daemon [_thread_blocked, id=12272, stack(0x0000009efd500000,0x0000009efd600000)]
  0x000001cf3c05c560 JavaThread "Common-Cleaner" daemon [_thread_blocked, id=10168, stack(0x0000009efd700000,0x0000009efd800000)]
  0x000001cf3c8eaa80 JavaThread "Thread-0" [_thread_blocked, id=12472, stack(0x0000009efdb00000,0x0000009efdc00000)]
  0x000001cf3c9900e0 JavaThread "restartedMain" [_thread_in_vm, id=13184, stack(0x0000009efdc00000,0x0000009efdd00000)]
  0x000001cf3dd2a660 JavaThread "Catalina-utility-1" [_thread_blocked, id=200, stack(0x0000009efdd00000,0x0000009efde00000)]
  0x000001cf3d029eb0 JavaThread "Catalina-utility-2" [_thread_blocked, id=4144, stack(0x0000009efde00000,0x0000009efdf00000)]
  0x000001cf3df2f850 JavaThread "container-0" [_thread_blocked, id=4588, stack(0x0000009efdf00000,0x0000009efe000000)]
  0x000001cf3cf929c0 JavaThread "mysql-cj-abandoned-connection-cleanup" daemon [_thread_blocked, id=2860, stack(0x0000009efe000000,0x0000009efe100000)]

Other Threads:
  0x000001cf1cc97ca0 VMThread "VM Thread" [stack: 0x0000009efcb00000,0x0000009efcc00000] [id=8816]
  0x000001cf1cc41d20 WatcherThread [stack: 0x0000009efd600000,0x0000009efd700000] [id=1756]
  0x000001cf1cc2f810 GCTaskThread "GC Thread#0" [stack: 0x0000009efc600000,0x0000009efc700000] [id=7628]
  0x000001cf3c94c5f0 GCTaskThread "GC Thread#1" [stack: 0x0000009efd800000,0x0000009efd900000] [id=12972]
  0x000001cf3c4dfd80 GCTaskThread "GC Thread#2" [stack: 0x0000009efd900000,0x0000009efda00000] [id=10592]
  0x000001cf3c8fe970 GCTaskThread "GC Thread#3" [stack: 0x0000009efda00000,0x0000009efdb00000] [id=12012]
  0x000001cf1cc39620 ConcurrentGCThread "G1 Main Marker" [stack: 0x0000009efc700000,0x0000009efc800000] [id=6772]
  0x000001cf1cc3a870 ConcurrentGCThread "G1 Conc#0" [stack: 0x0000009efc800000,0x0000009efc900000] [id=13932]
  0x000001cf1cc763e0 ConcurrentGCThread "G1 Refine#0" [stack: 0x0000009efc900000,0x0000009efca00000] [id=11028]
  0x000001cf1cc77e10 ConcurrentGCThread "G1 Service" [stack: 0x0000009efca00000,0x0000009efcb00000] [id=12536]

Threads with active compile tasks:
C2 CompilerThread0    16791 3910       4       org.springframework.boot.context.properties.source.ConfigurationPropertyName$ElementsParser::parse (234 bytes)

VM state: not at safepoint (normal execution)

VM Mutex/Monitor currently owned by a thread: None

Heap address: 0x00000000c8a00000, size: 886 MB, Compressed Oops mode: 32-bit

CDS archive(s) mapped at: [0x0000000800000000-0x0000000800bc0000-0x0000000800bc0000), size 12320768, SharedBaseAddress: 0x0000000800000000, ArchiveRelocationMode: 0.
Compressed class space mapped at: 0x0000000801000000-0x0000000841000000, reserved size: 1073741824
Narrow klass base: 0x0000000800000000, Narrow klass shift: 0, Narrow klass range: 0x100000000

GC Precious Log:
 CPUs: 4 total, 4 available
 Memory: 3537M
 Large Page Support: Disabled
 NUMA Support: Disabled
 Compressed Oops: Enabled (32-bit)
 Heap Region Size: 1M
 Heap Min Capacity: 8M
 Heap Initial Capacity: 56M
 Heap Max Capacity: 886M
 Pre-touch: Disabled
 Parallel Workers: 4
 Concurrent Workers: 1
 Concurrent Refinement Workers: 4
 Periodic GC: Disabled

Heap:
 garbage-first heap   total 51200K, used 31941K [0x00000000c8a00000, 0x0000000100000000)
  region size 1024K, 19 young (19456K), 3 survivors (3072K)
 Metaspace       used 32114K, committed 32640K, reserved 1114112K
  class space    used 4175K, committed 4416K, reserved 1048576K

Heap Regions: E=young(eden), S=young(survivor), O=old, HS=humongous(starts), HC=humongous(continues), CS=collection set, F=free, OA=open archive, CA=closed archive, TAMS=top-at-mark-start (previous, next)
|   0|0x00000000c8a00000, 0x00000000c8b00000, 0x00000000c8b00000|100%|HS|  |TAMS 0x00000000c8b00000, 0x00000000c8a00000| Complete 
|   1|0x00000000c8b00000, 0x00000000c8c00000, 0x00000000c8c00000|100%| O|  |TAMS 0x00000000c8c00000, 0x00000000c8b00000| Untracked 
|   2|0x00000000c8c00000, 0x00000000c8d00000, 0x00000000c8d00000|100%| O|  |TAMS 0x00000000c8d00000, 0x00000000c8c00000| Untracked 
|   3|0x00000000c8d00000, 0x00000000c8e00000, 0x00000000c8e00000|100%| O|  |TAMS 0x00000000c8e00000, 0x00000000c8d00000| Untracked 
|   4|0x00000000c8e00000, 0x00000000c8f00000, 0x00000000c8f00000|100%| O|  |TAMS 0x00000000c8f00000, 0x00000000c8e00000| Untracked 
|   5|0x00000000c8f00000, 0x00000000c9000000, 0x00000000c9000000|100%| O|  |TAMS 0x00000000c9000000, 0x00000000c8f00000| Untracked 
|   6|0x00000000c9000000, 0x00000000c9100000, 0x00000000c9100000|100%| O|  |TAMS 0x00000000c9100000, 0x00000000c9000000| Untracked 
|   7|0x00000000c9100000, 0x00000000c9200000, 0x00000000c9200000|100%| O|  |TAMS 0x00000000c9200000, 0x00000000c9100000| Untracked 
|   8|0x00000000c9200000, 0x00000000c9300000, 0x00000000c9300000|100%| O|  |TAMS 0x00000000c9300000, 0x00000000c9200000| Untracked 
|   9|0x00000000c9300000, 0x00000000c9400000, 0x00000000c9400000|100%| O|  |TAMS 0x00000000c9400000, 0x00000000c9300000| Untracked 
|  10|0x00000000c9400000, 0x00000000c940ce00, 0x00000000c9500000|  5%| O|  |TAMS 0x00000000c940ce00, 0x00000000c9400000| Untracked 
|  11|0x00000000c9500000, 0x00000000c9600000, 0x00000000c9600000|100%| O|  |TAMS 0x00000000c9500000, 0x00000000c9500000| Untracked 
|  12|0x00000000c9600000, 0x00000000c9700000, 0x00000000c9700000|100%| O|  |TAMS 0x00000000c9600000, 0x00000000c9600000| Untracked 
|  13|0x00000000c9700000, 0x00000000c9800000, 0x00000000c9800000|100%| O|  |TAMS 0x00000000c9700000, 0x00000000c9700000| Untracked 
|  14|0x00000000c9800000, 0x00000000c9900000, 0x00000000c9900000|100%| O|  |TAMS 0x00000000c9800000, 0x00000000c9800000| Untracked 
|  15|0x00000000c9900000, 0x00000000c99b3000, 0x00000000c9a00000| 69%| O|  |TAMS 0x00000000c9900000, 0x00000000c9900000| Untracked 
|  16|0x00000000c9a00000, 0x00000000c9a00000, 0x00000000c9b00000|  0%| F|  |TAMS 0x00000000c9a00000, 0x00000000c9a00000| Untracked 
|  17|0x00000000c9b00000, 0x00000000c9b00000, 0x00000000c9c00000|  0%| F|  |TAMS 0x00000000c9b00000, 0x00000000c9b00000| Untracked 
|  18|0x00000000c9c00000, 0x00000000c9c00000, 0x00000000c9d00000|  0%| F|  |TAMS 0x00000000c9c00000, 0x00000000c9c00000| Untracked 
|  19|0x00000000c9d00000, 0x00000000c9d00000, 0x00000000c9e00000|  0%| F|  |TAMS 0x00000000c9d00000, 0x00000000c9d00000| Untracked 
|  20|0x00000000c9e00000, 0x00000000c9e00000, 0x00000000c9f00000|  0%| F|  |TAMS 0x00000000c9e00000, 0x00000000c9e00000| Untracked 
|  21|0x00000000c9f00000, 0x00000000c9f00000, 0x00000000ca000000|  0%| F|  |TAMS 0x00000000c9f00000, 0x00000000c9f00000| Untracked 
|  22|0x00000000ca000000, 0x00000000ca000000, 0x00000000ca100000|  0%| F|  |TAMS 0x00000000ca000000, 0x00000000ca000000| Untracked 
|  23|0x00000000ca100000, 0x00000000ca100000, 0x00000000ca200000|  0%| F|  |TAMS 0x00000000ca100000, 0x00000000ca100000| Untracked 
|  24|0x00000000ca200000, 0x00000000ca200000, 0x00000000ca300000|  0%| F|  |TAMS 0x00000000ca200000, 0x00000000ca200000| Untracked 
|  25|0x00000000ca300000, 0x00000000ca300000, 0x00000000ca400000|  0%| F|  |TAMS 0x00000000ca300000, 0x00000000ca300000| Untracked 
|  26|0x00000000ca400000, 0x00000000ca471970, 0x00000000ca500000| 44%| S|CS|TAMS 0x00000000ca400000, 0x00000000ca400000| Complete 
|  27|0x00000000ca500000, 0x00000000ca600000, 0x00000000ca600000|100%| S|CS|TAMS 0x00000000ca500000, 0x00000000ca500000| Complete 
|  28|0x00000000ca600000, 0x00000000ca700000, 0x00000000ca700000|100%| S|CS|TAMS 0x00000000ca600000, 0x00000000ca600000| Complete 
|  29|0x00000000ca700000, 0x00000000ca700000, 0x00000000ca800000|  0%| F|  |TAMS 0x00000000ca700000, 0x00000000ca700000| Untracked 
|  30|0x00000000ca800000, 0x00000000ca800000, 0x00000000ca900000|  0%| F|  |TAMS 0x00000000ca800000, 0x00000000ca800000| Untracked 
|  31|0x00000000ca900000, 0x00000000ca900000, 0x00000000caa00000|  0%| F|  |TAMS 0x00000000ca900000, 0x00000000ca900000| Untracked 
|  32|0x00000000caa00000, 0x00000000caa00000, 0x00000000cab00000|  0%| F|  |TAMS 0x00000000caa00000, 0x00000000caa00000| Untracked 
|  33|0x00000000cab00000, 0x00000000cab00000, 0x00000000cac00000|  0%| F|  |TAMS 0x00000000cab00000, 0x00000000cab00000| Untracked 
|  34|0x00000000cac00000, 0x00000000cacb0828, 0x00000000cad00000| 68%| E|  |TAMS 0x00000000cac00000, 0x00000000cac00000| Complete 
|  35|0x00000000cad00000, 0x00000000cae00000, 0x00000000cae00000|100%| E|CS|TAMS 0x00000000cad00000, 0x00000000cad00000| Complete 
|  36|0x00000000cae00000, 0x00000000caf00000, 0x00000000caf00000|100%| E|CS|TAMS 0x00000000cae00000, 0x00000000cae00000| Complete 
|  37|0x00000000caf00000, 0x00000000cb000000, 0x00000000cb000000|100%| E|CS|TAMS 0x00000000caf00000, 0x00000000caf00000| Complete 
|  38|0x00000000cb000000, 0x00000000cb100000, 0x00000000cb100000|100%| E|CS|TAMS 0x00000000cb000000, 0x00000000cb000000| Complete 
|  39|0x00000000cb100000, 0x00000000cb200000, 0x00000000cb200000|100%| E|CS|TAMS 0x00000000cb100000, 0x00000000cb100000| Complete 
|  40|0x00000000cb200000, 0x00000000cb300000, 0x00000000cb300000|100%| E|  |TAMS 0x00000000cb200000, 0x00000000cb200000| Complete 
|  41|0x00000000cb300000, 0x00000000cb400000, 0x00000000cb400000|100%| E|CS|TAMS 0x00000000cb300000, 0x00000000cb300000| Complete 
|  42|0x00000000cb400000, 0x00000000cb500000, 0x00000000cb500000|100%| E|CS|TAMS 0x00000000cb400000, 0x00000000cb400000| Complete 
|  43|0x00000000cb500000, 0x00000000cb600000, 0x00000000cb600000|100%| E|CS|TAMS 0x00000000cb500000, 0x00000000cb500000| Complete 
|  44|0x00000000cb600000, 0x00000000cb700000, 0x00000000cb700000|100%| E|CS|TAMS 0x00000000cb600000, 0x00000000cb600000| Complete 
|  45|0x00000000cb700000, 0x00000000cb800000, 0x00000000cb800000|100%| E|CS|TAMS 0x00000000cb700000, 0x00000000cb700000| Complete 
|  46|0x00000000cb800000, 0x00000000cb900000, 0x00000000cb900000|100%| E|CS|TAMS 0x00000000cb800000, 0x00000000cb800000| Complete 
|  47|0x00000000cb900000, 0x00000000cba00000, 0x00000000cba00000|100%| E|CS|TAMS 0x00000000cb900000, 0x00000000cb900000| Complete 
|  48|0x00000000cba00000, 0x00000000cbb00000, 0x00000000cbb00000|100%| E|CS|TAMS 0x00000000cba00000, 0x00000000cba00000| Complete 
|  55|0x00000000cc100000, 0x00000000cc200000, 0x00000000cc200000|100%| E|CS|TAMS 0x00000000cc100000, 0x00000000cc100000| Complete 

Card table byte_map: [0x000001cf33700000,0x000001cf338c0000] _byte_map_base: 0x000001cf330bb000

Marking Bits (Prev, Next): (CMBitMap*) 0x000001cf1cc2fe60, (CMBitMap*) 0x000001cf1cc2fe20
 Prev Bits: [0x000001cf34860000, 0x000001cf35638000)
 Next Bits: [0x000001cf33a80000, 0x000001cf34858000)

Polling page: 0x000001cf1ab80000

Metaspace:

Usage:
  Non-class:     27.28 MB used.
      Class:      4.08 MB used.
       Both:     31.36 MB used.

Virtual space:
  Non-class space:       64.00 MB reserved,      27.56 MB ( 43%) committed,  1 nodes.
      Class space:        1.00 GB reserved,       4.31 MB ( <1%) committed,  1 nodes.
             Both:        1.06 GB reserved,      31.88 MB (  3%) committed. 

Chunk freelists:
   Non-Class:  4.17 MB
       Class:  11.66 MB
        Both:  15.83 MB

MaxMetaspaceSize: unlimited
CompressedClassSpaceSize: 1.00 GB
Initial GC threshold: 21.00 MB
Current GC threshold: 35.13 MB
CDS: on
MetaspaceReclaimPolicy: balanced
 - commit_granule_bytes: 65536.
 - commit_granule_words: 8192.
 - virtual_space_node_default_size: 8388608.
 - enlarge_chunks_in_place: 1.
 - new_chunks_are_fully_committed: 0.
 - uncommit_free_chunks: 1.
 - use_allocation_guard: 0.
 - handle_deallocations: 1.


Internal statistics:

num_allocs_failed_limit: 3.
num_arena_births: 550.
num_arena_deaths: 0.
num_vsnodes_births: 2.
num_vsnodes_deaths: 0.
num_space_committed: 510.
num_space_uncommitted: 0.
num_chunks_returned_to_freelist: 3.
num_chunks_taken_from_freelist: 1703.
num_chunk_merges: 3.
num_chunk_splits: 1188.
num_chunks_enlarged: 881.
num_inconsistent_stats: 0.

CodeHeap 'non-profiled nmethods': size=120000Kb used=1711Kb max_used=1711Kb free=118288Kb
 bounds [0x000001cf2c1d0000, 0x000001cf2c440000, 0x000001cf33700000]
CodeHeap 'profiled nmethods': size=120000Kb used=7980Kb max_used=7980Kb free=112019Kb
 bounds [0x000001cf24700000, 0x000001cf24ed0000, 0x000001cf2bc30000]
CodeHeap 'non-nmethods': size=5760Kb used=1221Kb max_used=1252Kb free=4538Kb
 bounds [0x000001cf2bc30000, 0x000001cf2bea0000, 0x000001cf2c1d0000]
 total_blobs=4500 nmethods=3974 adapters=439
 compilation: enabled
              stopped_count=0, restarted_count=0
 full_count=0

Compilation events (20 events):
Event: 15.640 Thread 0x000001cf37ba4920 3987   !   2       jdk.proxy2.$Proxy42::annotationType (29 bytes)
Event: 15.641 Thread 0x000001cf37ba4920 nmethod 3987 0x000001cf24ec8690 code [0x000001cf24ec8840, 0x000001cf24ec8ab8]
Event: 15.761 Thread 0x000001cf37ba4920 3988       2       sun.nio.cs.SingleByte$Encoder::implReplaceWith (8 bytes)
Event: 15.761 Thread 0x000001cf37ba4920 nmethod 3988 0x000001cf24ec8c10 code [0x000001cf24ec8da0, 0x000001cf24ec8ed8]
Event: 15.861 Thread 0x000001cf37ba4920 3989       2       java.util.ImmutableCollections$AbstractImmutableList::iterator (13 bytes)
Event: 15.862 Thread 0x000001cf37ba4920 nmethod 3989 0x000001cf24ec8f90 code [0x000001cf24ec9140, 0x000001cf24ec9348]
Event: 15.862 Thread 0x000001cf37ba4920 3991       2       jdk.internal.loader.ClassLoaders::platformClassLoader (4 bytes)
Event: 15.862 Thread 0x000001cf37ba4920 nmethod 3991 0x000001cf24ec9410 code [0x000001cf24ec95a0, 0x000001cf24ec9698]
Event: 15.862 Thread 0x000001cf37ba4920 3990       2       java.util.ImmutableCollections$ListItr::<init> (25 bytes)
Event: 15.862 Thread 0x000001cf37ba4920 nmethod 3990 0x000001cf24ec9710 code [0x000001cf24ec98a0, 0x000001cf24ec99f8]
Event: 15.864 Thread 0x000001cf37ba4920 3992   !   3       jdk.internal.loader.AbstractClassLoaderValue::get (21 bytes)
Event: 15.865 Thread 0x000001cf37ba4920 nmethod 3992 0x000001cf24ec9a90 code [0x000001cf24ec9ca0, 0x000001cf24eca368]
Event: 15.867 Thread 0x000001cf37ba4920 3993       2       java.util.zip.ZipFile$ZipEntryIterator::hasNext (17 bytes)
Event: 15.868 Thread 0x000001cf37ba4920 nmethod 3993 0x000001cf24eca610 code [0x000001cf24eca7a0, 0x000001cf24eca8b8]
Event: 16.000 Thread 0x000001cf37ba4920 3995       1       java.util.Collections$EmptyEnumeration::hasMoreElements (2 bytes)
Event: 16.000 Thread 0x000001cf37ba4920 nmethod 3995 0x000001cf2c37b990 code [0x000001cf2c37bb20, 0x000001cf2c37bbf8]
Event: 16.322 Thread 0x000001cf37ba4920 3996       2       java.lang.Long::valueOf (40 bytes)
Event: 16.323 Thread 0x000001cf37ba4920 nmethod 3996 0x000001cf24eca990 code [0x000001cf24ecab20, 0x000001cf24ecacf8]
Event: 16.407 Thread 0x000001cf37ba4920 3997       2       jdk.internal.loader.URLClassPath$1::hasMoreElements (5 bytes)
Event: 16.408 Thread 0x000001cf37ba4920 nmethod 3997 0x000001cf24ecae10 code [0x000001cf24ecafa0, 0x000001cf24ecb0c8]

GC Heap History (16 events):
Event: 2.446 GC heap before
{Heap before GC invocations=0 (full 0):
 garbage-first heap   total 57344K, used 13312K [0x00000000c8a00000, 0x0000000100000000)
  region size 1024K, 13 young (13312K), 0 survivors (0K)
 Metaspace       used 3404K, committed 3584K, reserved 1114112K
  class space    used 359K, committed 448K, reserved 1048576K
}
Event: 2.461 GC heap after
{Heap after GC invocations=1 (full 0):
 garbage-first heap   total 57344K, used 5848K [0x00000000c8a00000, 0x0000000100000000)
  region size 1024K, 2 young (2048K), 2 survivors (2048K)
 Metaspace       used 3404K, committed 3584K, reserved 1114112K
  class space    used 359K, committed 448K, reserved 1048576K
}
Event: 3.549 GC heap before
{Heap before GC invocations=1 (full 0):
 garbage-first heap   total 57344K, used 16088K [0x00000000c8a00000, 0x0000000100000000)
  region size 1024K, 13 young (13312K), 2 survivors (2048K)
 Metaspace       used 5900K, committed 6016K, reserved 1114112K
  class space    used 688K, committed 768K, reserved 1048576K
}
Event: 3.556 GC heap after
{Heap after GC invocations=2 (full 0):
 garbage-first heap   total 57344K, used 6693K [0x00000000c8a00000, 0x0000000100000000)
  region size 1024K, 1 young (1024K), 1 survivors (1024K)
 Metaspace       used 5900K, committed 6016K, reserved 1114112K
  class space    used 688K, committed 768K, reserved 1048576K
}
Event: 5.042 GC heap before
{Heap before GC invocations=2 (full 0):
 garbage-first heap   total 57344K, used 25125K [0x00000000c8a00000, 0x0000000100000000)
  region size 1024K, 19 young (19456K), 1 survivors (1024K)
 Metaspace       used 10074K, committed 10368K, reserved 1114112K
  class space    used 1271K, committed 1408K, reserved 1048576K
}
Event: 5.048 GC heap after
{Heap after GC invocations=3 (full 0):
 garbage-first heap   total 57344K, used 7830K [0x00000000c8a00000, 0x0000000100000000)
  region size 1024K, 2 young (2048K), 2 survivors (2048K)
 Metaspace       used 10074K, committed 10368K, reserved 1114112K
  class space    used 1271K, committed 1408K, reserved 1048576K
}
Event: 6.429 GC heap before
{Heap before GC invocations=3 (full 0):
 garbage-first heap   total 57344K, used 36502K [0x00000000c8a00000, 0x0000000100000000)
  region size 1024K, 30 young (30720K), 2 survivors (2048K)
 Metaspace       used 15895K, committed 16128K, reserved 1114112K
  class space    used 2032K, committed 2112K, reserved 1048576K
}
Event: 6.440 GC heap after
{Heap after GC invocations=4 (full 0):
 garbage-first heap   total 57344K, used 10338K [0x00000000c8a00000, 0x0000000100000000)
  region size 1024K, 4 young (4096K), 4 survivors (4096K)
 Metaspace       used 15895K, committed 16128K, reserved 1114112K
  class space    used 2032K, committed 2112K, reserved 1048576K
}
Event: 7.951 GC heap before
{Heap before GC invocations=4 (full 0):
 garbage-first heap   total 57344K, used 36962K [0x00000000c8a00000, 0x0000000100000000)
  region size 1024K, 30 young (30720K), 4 survivors (4096K)
 Metaspace       used 19663K, committed 20032K, reserved 1114112K
  class space    used 2502K, committed 2688K, reserved 1048576K
}
Event: 7.963 GC heap after
{Heap after GC invocations=5 (full 0):
 garbage-first heap   total 57344K, used 12287K [0x00000000c8a00000, 0x0000000100000000)
  region size 1024K, 2 young (2048K), 2 survivors (2048K)
 Metaspace       used 19663K, committed 20032K, reserved 1114112K
  class space    used 2502K, committed 2688K, reserved 1048576K
}
Event: 9.165 GC heap before
{Heap before GC invocations=5 (full 0):
 garbage-first heap   total 57344K, used 25599K [0x00000000c8a00000, 0x0000000100000000)
  region size 1024K, 16 young (16384K), 2 survivors (2048K)
 Metaspace       used 21254K, committed 21504K, reserved 1114112K
  class space    used 2714K, committed 2880K, reserved 1048576K
}
Event: 9.172 GC heap after
{Heap after GC invocations=6 (full 0):
 garbage-first heap   total 57344K, used 13057K [0x00000000c8a00000, 0x0000000100000000)
  region size 1024K, 3 young (3072K), 3 survivors (3072K)
 Metaspace       used 21254K, committed 21504K, reserved 1114112K
  class space    used 2714K, committed 2880K, reserved 1048576K
}
Event: 11.742 GC heap before
{Heap before GC invocations=7 (full 0):
 garbage-first heap   total 51200K, used 40705K [0x00000000c8a00000, 0x0000000100000000)
  region size 1024K, 30 young (30720K), 3 survivors (3072K)
 Metaspace       used 25691K, committed 26048K, reserved 1114112K
  class space    used 3367K, committed 3520K, reserved 1048576K
}
Event: 11.756 GC heap after
{Heap after GC invocations=8 (full 0):
 garbage-first heap   total 51200K, used 15407K [0x00000000c8a00000, 0x0000000100000000)
  region size 1024K, 4 young (4096K), 4 survivors (4096K)
 Metaspace       used 25691K, committed 26048K, reserved 1114112K
  class space    used 3367K, committed 3520K, reserved 1048576K
}
Event: 14.561 GC heap before
{Heap before GC invocations=8 (full 0):
 garbage-first heap   total 51200K, used 35887K [0x00000000c8a00000, 0x0000000100000000)
  region size 1024K, 25 young (25600K), 4 survivors (4096K)
 Metaspace       used 29598K, committed 30080K, reserved 1114112K
  class space    used 3846K, committed 4096K, reserved 1048576K
}
Event: 14.574 GC heap after
{Heap after GC invocations=9 (full 0):
 garbage-first heap   total 51200K, used 17605K [0x00000000c8a00000, 0x0000000100000000)
  region size 1024K, 3 young (3072K), 3 survivors (3072K)
 Metaspace       used 29598K, committed 30080K, reserved 1114112K
  class space    used 3846K, committed 4096K, reserved 1048576K
}

Dll operation events (9 events):
Event: 0.035 Loaded shared library C:\Users\USUARIO\.jdks\corretto-17.0.7\bin\java.dll
Event: 0.065 Loaded shared library C:\Users\USUARIO\.jdks\corretto-17.0.7\bin\jsvml.dll
Event: 0.629 Loaded shared library C:\Users\USUARIO\.jdks\corretto-17.0.7\bin\net.dll
Event: 0.639 Loaded shared library C:\Users\USUARIO\.jdks\corretto-17.0.7\bin\nio.dll
Event: 0.660 Loaded shared library C:\Users\USUARIO\.jdks\corretto-17.0.7\bin\zip.dll
Event: 1.457 Loaded shared library C:\Users\USUARIO\.jdks\corretto-17.0.7\bin\jimage.dll
Event: 2.722 Loaded shared library C:\Users\USUARIO\.jdks\corretto-17.0.7\bin\management.dll
Event: 2.736 Loaded shared library C:\Users\USUARIO\.jdks\corretto-17.0.7\bin\management_ext.dll
Event: 13.156 Loaded shared library C:\Users\USUARIO\.jdks\corretto-17.0.7\bin\sunmscapi.dll

Deoptimization events (20 events):
Event: 14.335 Thread 0x000001cf3c9900e0 DEOPT PACKING pc=0x000001cf24762034 sp=0x0000009efdcfd4b0
Event: 14.335 Thread 0x000001cf3c9900e0 DEOPT UNPACKING pc=0x000001cf2bc87143 sp=0x0000009efdcfc920 mode 0
Event: 14.345 Thread 0x000001cf3c9900e0 DEOPT PACKING pc=0x000001cf24762034 sp=0x0000009efdcfd4b0
Event: 14.346 Thread 0x000001cf3c9900e0 DEOPT UNPACKING pc=0x000001cf2bc87143 sp=0x0000009efdcfc920 mode 0
Event: 14.347 Thread 0x000001cf3c9900e0 DEOPT PACKING pc=0x000001cf24762034 sp=0x0000009efdcfd4b0
Event: 14.347 Thread 0x000001cf3c9900e0 DEOPT UNPACKING pc=0x000001cf2bc87143 sp=0x0000009efdcfc920 mode 0
Event: 14.391 Thread 0x000001cf3c9900e0 DEOPT PACKING pc=0x000001cf24762034 sp=0x0000009efdcfd4b0
Event: 14.391 Thread 0x000001cf3c9900e0 DEOPT UNPACKING pc=0x000001cf2bc87143 sp=0x0000009efdcfc920 mode 0
Event: 15.091 Thread 0x000001cf3d029eb0 DEOPT PACKING pc=0x000001cf249dfdb1 sp=0x0000009efdeff120
Event: 15.091 Thread 0x000001cf3d029eb0 DEOPT UNPACKING pc=0x000001cf2bc87143 sp=0x0000009efdefe578 mode 3
Event: 15.092 Thread 0x000001cf3c9900e0 DEOPT PACKING pc=0x000001cf249de5e2 sp=0x0000009efdcfe220
Event: 15.093 Thread 0x000001cf3c9900e0 DEOPT UNPACKING pc=0x000001cf2bc87143 sp=0x0000009efdcfd6b0 mode 3
Event: 15.214 Thread 0x000001cf3cf929c0 Uncommon trap: trap_request=0xffffff45 fr.pc=0x000001cf2c26d6d8 relative=0x00000000000026f8
Event: 15.214 Thread 0x000001cf3cf929c0 Uncommon trap: reason=unstable_if action=reinterpret pc=0x000001cf2c26d6d8 method=java.net.URLStreamHandler.parseURL(Ljava/net/URL;Ljava/lang/String;II)V @ 57 c2
Event: 15.214 Thread 0x000001cf3cf929c0 DEOPT PACKING pc=0x000001cf2c26d6d8 sp=0x0000009efe0fe9b0
Event: 15.214 Thread 0x000001cf3cf929c0 DEOPT UNPACKING pc=0x000001cf2bc869a3 sp=0x0000009efe0fe960 mode 2
Event: 15.533 Thread 0x000001cf3c9900e0 Uncommon trap: trap_request=0xfffffff4 fr.pc=0x000001cf2c309928 relative=0x00000000000006e8
Event: 15.533 Thread 0x000001cf3c9900e0 Uncommon trap: reason=null_check action=make_not_entrant pc=0x000001cf2c309928 method=org.springframework.beans.factory.support.DefaultListableBeanFactory.getBeanDefinition(Ljava/lang/String;)Lorg/springframework/beans/factory/config/BeanDefinition; @ 10 
Event: 15.533 Thread 0x000001cf3c9900e0 DEOPT PACKING pc=0x000001cf2c309928 sp=0x0000009efdcfc690
Event: 15.533 Thread 0x000001cf3c9900e0 DEOPT UNPACKING pc=0x000001cf2bc869a3 sp=0x0000009efdcfc5c8 mode 2

Classes unloaded (0 events):
No events

Classes redefined (0 events):
No events

Internal exceptions (20 events):
Event: 11.927 Thread 0x000001cf3c9900e0 Exception <a 'java/lang/NoSuchMethodError'{0x00000000cb908f58}: 'void java.lang.invoke.DirectMethodHandle$Holder.invokeVirtual(java.lang.Object, java.lang.Object, int)'> (0x00000000cb908f58) 
thrown [s\src\hotspot\share\interpreter\linkResolver.cpp, line 759]
Event: 11.929 Thread 0x000001cf3c9900e0 Exception <a 'java/lang/NoSuchMethodError'{0x00000000cb90f1a0}: 'void java.lang.invoke.DirectMethodHandle$Holder.invokeStatic(java.lang.Object, java.lang.Object, java.lang.Object, int, java.lang.Object)'> (0x00000000cb90f1a0) 
thrown [s\src\hotspot\share\interpreter\linkResolver.cpp, line 759]
Event: 11.931 Thread 0x000001cf3c9900e0 Exception <a 'java/lang/NoSuchMethodError'{0x00000000cb9166a8}: 'java.lang.Object java.lang.invoke.DirectMethodHandle$Holder.newInvokeSpecial(java.lang.Object, java.lang.Object, java.lang.Object, int)'> (0x00000000cb9166a8) 
thrown [s\src\hotspot\share\interpreter\linkResolver.cpp, line 759]
Event: 11.932 Thread 0x000001cf3c9900e0 Exception <a 'java/lang/NoSuchMethodError'{0x00000000cb91a990}: 'java.lang.Object java.lang.invoke.DirectMethodHandle$Holder.invokeSpecial(java.lang.Object, java.lang.Object, java.lang.Object, java.lang.Object, int)'> (0x00000000cb91a990) 
thrown [s\src\hotspot\share\interpreter\linkResolver.cpp, line 759]
Event: 11.933 Thread 0x000001cf3c9900e0 Exception <a 'java/lang/NoSuchMethodError'{0x00000000cb91e558}: 'java.lang.Object java.lang.invoke.Invokers$Holder.linkToTargetMethod(java.lang.Object, java.lang.Object, int, java.lang.Object)'> (0x00000000cb91e558) 
thrown [s\src\hotspot\share\interpreter\linkResolver.cpp, line 759]
Event: 12.267 Thread 0x000001cf3c9900e0 Exception <a 'java/lang/NoSuchMethodError'{0x00000000cb551218}: 'java.lang.Object java.lang.invoke.DirectMethodHandle$Holder.invokeStaticInit(java.lang.Object, int, int, int, int)'> (0x00000000cb551218) 
thrown [s\src\hotspot\share\interpreter\linkResolver.cpp, line 759]
Event: 12.687 Thread 0x000001cf3c9900e0 Exception <a 'java/lang/NoSuchMethodError'{0x00000000cb442830}: 'java.lang.Object java.lang.invoke.DirectMethodHandle$Holder.invokeStaticInit(java.lang.Object, java.lang.Object, int, int, int, int)'> (0x00000000cb442830) 
thrown [s\src\hotspot\share\interpreter\linkResolver.cpp, line 759]
Event: 13.390 Thread 0x000001cf3c9900e0 Implicit null exception at 0x000001cf2c33f7dc to 0x000001cf2c340174
Event: 13.405 Thread 0x000001cf3c9900e0 Exception <a 'sun/nio/fs/WindowsException'{0x00000000cab13950}> (0x00000000cab13950) 
thrown [s\src\hotspot\share\prims\jni.cpp, line 516]
Event: 13.416 Thread 0x000001cf3c9900e0 Exception <a 'sun/nio/fs/WindowsException'{0x00000000cab193f0}> (0x00000000cab193f0) 
thrown [s\src\hotspot\share\prims\jni.cpp, line 516]
Event: 13.419 Thread 0x000001cf3c9900e0 Exception <a 'sun/nio/fs/WindowsException'{0x00000000cab19ae8}> (0x00000000cab19ae8) 
thrown [s\src\hotspot\share\prims\jni.cpp, line 516]
Event: 13.608 Thread 0x000001cf3c9900e0 Exception <a 'java/lang/NoSuchMethodError'{0x00000000caa2c8a0}: 'java.lang.Object java.lang.invoke.DirectMethodHandle$Holder.invokeSpecial(java.lang.Object, java.lang.Object, long, java.lang.Object, java.lang.Object, java.lang.Object, java.lang.Object, java.lang.Object, java.lang.Object)'> (0x00000000caa2c8a0) 
thrown [s\src\hotspot\share\interpreter\linkResolver.cpp, line 759]
Event: 13.610 Thread 0x000001cf3c9900e0 Exception <a 'java/lang/NoSuchMethodError'{0x00000000caa313c8}: 'java.lang.Object java.lang.invoke.DelegatingMethodHandle$Holder.reinvoke_L(java.lang.Object, long, java.lang.Object, java.lang.Object, java.lang.Object, java.lang.Object, java.lang.Object, java.lang.Object)'> (0x00000000caa313c8) 
thrown [s\src\hotspot\share\interpreter\linkResolver.cpp, line 759]
Event: 14.329 Thread 0x000001cf3c9900e0 Exception <a 'java/io/FileNotFoundException'{0x00000000ca86df10}> (0x00000000ca86df10) 
thrown [s\src\hotspot\share\prims\jni.cpp, line 516]
Event: 14.331 Thread 0x000001cf3c9900e0 Exception <a 'java/io/FileNotFoundException'{0x00000000ca86f1d0}> (0x00000000ca86f1d0) 
thrown [s\src\hotspot\share\prims\jni.cpp, line 516]
Event: 14.539 Thread 0x000001cf3c9900e0 Exception <a 'java/lang/NoSuchMethodError'{0x00000000ca7cb2f8}: 'int java.lang.invoke.DirectMethodHandle$Holder.invokeInterface(java.lang.Object, java.lang.Object, java.lang.Object, java.lang.Object)'> (0x00000000ca7cb2f8) 
thrown [s\src\hotspot\share\interpreter\linkResolver.cpp, line 759]
Event: 14.983 Thread 0x000001cf3c9900e0 Exception <a 'java/lang/NoSuchMethodError'{0x00000000cb90d710}: 'long java.lang.invoke.DirectMethodHandle$Holder.invokeVirtual(java.lang.Object, java.lang.Object)'> (0x00000000cb90d710) 
thrown [s\src\hotspot\share\interpreter\linkResolver.cpp, line 759]
Event: 15.011 Thread 0x000001cf3c9900e0 Exception <a 'java/io/FileNotFoundException'{0x00000000cb940b78}> (0x00000000cb940b78) 
thrown [s\src\hotspot\share\prims\jni.cpp, line 516]
Event: 15.533 Thread 0x000001cf3c9900e0 Implicit null exception at 0x000001cf2c309767 to 0x000001cf2c30991c
Event: 15.544 Thread 0x000001cf3c9900e0 Exception <a 'sun/nio/fs/WindowsException'{0x00000000cb385e70}> (0x00000000cb385e70) 
thrown [s\src\hotspot\share\prims\jni.cpp, line 516]

VM Operations (20 events):
Event: 13.013 Executing VM operation: Cleanup
Event: 13.013 Executing VM operation: Cleanup done
Event: 13.186 Executing VM operation: HandshakeAllThreads
Event: 13.186 Executing VM operation: HandshakeAllThreads done
Event: 13.807 Executing VM operation: HandshakeAllThreads
Event: 13.807 Executing VM operation: HandshakeAllThreads done
Event: 14.561 Executing VM operation: G1CollectForAllocation
Event: 14.574 Executing VM operation: G1CollectForAllocation done
Event: 14.760 Executing VM operation: HandshakeAllThreads
Event: 14.760 Executing VM operation: HandshakeAllThreads done
Event: 14.761 Executing VM operation: HandshakeAllThreads
Event: 14.761 Executing VM operation: HandshakeAllThreads done
Event: 15.025 Executing VM operation: HandshakeAllThreads
Event: 15.025 Executing VM operation: HandshakeAllThreads done
Event: 15.212 Executing VM operation: HandshakeAllThreads
Event: 15.212 Executing VM operation: HandshakeAllThreads done
Event: 15.358 Executing VM operation: HandshakeAllThreads
Event: 15.358 Executing VM operation: HandshakeAllThreads done
Event: 16.366 Executing VM operation: Cleanup
Event: 16.367 Executing VM operation: Cleanup done

Events (20 events):
Event: 15.085 Thread 0x000001cf3dd2a660 Thread added: 0x000001cf3dd2a660
Event: 15.086 loading class java/util/concurrent/TimeUnit$1
Event: 15.086 loading class java/util/concurrent/TimeUnit$1 done
Event: 15.089 Thread 0x000001cf3d029eb0 Thread added: 0x000001cf3d029eb0
Event: 15.089 loading class java/util/concurrent/locks/AbstractQueuedSynchronizer$ConditionNode
Event: 15.090 loading class java/util/concurrent/locks/AbstractQueuedSynchronizer$ExclusiveNode
Event: 15.090 loading class java/util/concurrent/locks/AbstractQueuedSynchronizer$Node
Event: 15.090 loading class java/util/concurrent/locks/AbstractQueuedSynchronizer$Node done
Event: 15.091 loading class java/util/concurrent/locks/AbstractQueuedSynchronizer$ConditionNode done
Event: 15.091 loading class java/util/concurrent/locks/AbstractQueuedSynchronizer$ExclusiveNode done
Event: 15.108 Thread 0x000001cf3df2f850 Thread added: 0x000001cf3df2f850
Event: 15.209 loading class java/util/concurrent/Executors$FinalizableDelegatedExecutorService
Event: 15.210 loading class java/util/concurrent/Executors$DelegatedExecutorService
Event: 15.210 loading class java/util/concurrent/Executors$DelegatedExecutorService done
Event: 15.210 loading class java/util/concurrent/Executors$FinalizableDelegatedExecutorService done
Event: 15.213 Thread 0x000001cf3cf929c0 Thread added: 0x000001cf3cf929c0
Event: 15.509 loading class javax/naming/Referenceable
Event: 15.509 loading class javax/naming/Referenceable done
Event: 15.648 loading class java/lang/instrument/ClassFileTransformer
Event: 15.649 loading class java/lang/instrument/ClassFileTransformer done


Dynamic libraries:
0x00007ff626af0000 - 0x00007ff626afd000 	C:\Users\USUARIO\.jdks\corretto-17.0.7\bin\java.exe
0x00007ffddcbf0000 - 0x00007ffddcde7000 	C:\Windows\SYSTEM32\ntdll.dll
0x00007ffddc800000 - 0x00007ffddc8bd000 	C:\Windows\System32\KERNEL32.DLL
0x00007ffdda920000 - 0x00007ffddac16000 	C:\Windows\System32\KERNELBASE.dll
0x00007ffdda540000 - 0x00007ffdda640000 	C:\Windows\System32\ucrtbase.dll
0x00007ffdcd230000 - 0x00007ffdcd245000 	C:\Users\USUARIO\.jdks\corretto-17.0.7\bin\VCRUNTIME140.dll
0x00007ffdcdf10000 - 0x00007ffdcdf27000 	C:\Users\USUARIO\.jdks\corretto-17.0.7\bin\jli.dll
0x00007ffddad30000 - 0x00007ffddaece000 	C:\Windows\System32\USER32.dll
0x00007ffdda640000 - 0x00007ffdda662000 	C:\Windows\System32\win32u.dll
0x00007ffddcb80000 - 0x00007ffddcbac000 	C:\Windows\System32\GDI32.dll
0x00007ffdd9650000 - 0x00007ffdd98ea000 	C:\Windows\WinSxS\amd64_microsoft.windows.common-controls_6595b64144ccf1df_6.0.19041.3570_none_60bb2a3971f3e41a\COMCTL32.dll
0x00007ffdda6c0000 - 0x00007ffdda7da000 	C:\Windows\System32\gdi32full.dll
0x00007ffddb670000 - 0x00007ffddb70e000 	C:\Windows\System32\msvcrt.dll
0x00007ffdda4a0000 - 0x00007ffdda53d000 	C:\Windows\System32\msvcp_win.dll
0x00007ffddad00000 - 0x00007ffddad30000 	C:\Windows\System32\IMM32.DLL
0x00007ffdbb6b0000 - 0x00007ffdbb74b000 	C:\Users\USUARIO\.jdks\corretto-17.0.7\bin\msvcp140.dll
0x00007ffda1d20000 - 0x00007ffda293a000 	C:\Users\USUARIO\.jdks\corretto-17.0.7\bin\server\jvm.dll
0x00007ffddaee0000 - 0x00007ffddaf8e000 	C:\Windows\System32\ADVAPI32.dll
0x00007ffddbe60000 - 0x00007ffddbefc000 	C:\Windows\System32\sechost.dll
0x00007ffddca50000 - 0x00007ffddcb76000 	C:\Windows\System32\RPCRT4.dll
0x00007ffdd6f60000 - 0x00007ffdd6f6a000 	C:\Windows\SYSTEM32\VERSION.dll
0x00007ffdcd760000 - 0x00007ffdcd769000 	C:\Windows\SYSTEM32\WSOCK32.dll
0x00007ffdd06c0000 - 0x00007ffdd06e7000 	C:\Windows\SYSTEM32\WINMM.dll
0x00007ffddc9e0000 - 0x00007ffddca4b000 	C:\Windows\System32\WS2_32.dll
0x00007ffdd7260000 - 0x00007ffdd7272000 	C:\Windows\SYSTEM32\kernel.appcore.dll
0x00007ffdce7c0000 - 0x00007ffdce7ca000 	C:\Users\USUARIO\.jdks\corretto-17.0.7\bin\jimage.dll
0x00007ffdd9be0000 - 0x00007ffdd9dc4000 	C:\Windows\SYSTEM32\DBGHELP.DLL
0x00007ffdd9ba0000 - 0x00007ffdd9bd4000 	C:\Windows\SYSTEM32\dbgcore.DLL
0x00007ffdda7e0000 - 0x00007ffdda862000 	C:\Windows\System32\bcryptPrimitives.dll
0x00007ffdcd200000 - 0x00007ffdcd225000 	C:\Users\USUARIO\.jdks\corretto-17.0.7\bin\java.dll
0x00007ffdb8930000 - 0x00007ffdb8a06000 	C:\Users\USUARIO\.jdks\corretto-17.0.7\bin\jsvml.dll
0x00007ffddb710000 - 0x00007ffddbe54000 	C:\Windows\System32\SHELL32.dll
0x00007ffdd7570000 - 0x00007ffdd7d0b000 	C:\Windows\SYSTEM32\windows.storage.dll
0x00007ffddb310000 - 0x00007ffddb664000 	C:\Windows\System32\combase.dll
0x00007ffdd95b0000 - 0x00007ffdd95dd000 	C:\Windows\SYSTEM32\Wldp.dll
0x00007ffddaf90000 - 0x00007ffddb03d000 	C:\Windows\System32\SHCORE.dll
0x00007ffddb1d0000 - 0x00007ffddb225000 	C:\Windows\System32\shlwapi.dll
0x00007ffdda200000 - 0x00007ffdda225000 	C:\Windows\SYSTEM32\profapi.dll
0x00007ffdcd1e0000 - 0x00007ffdcd1f9000 	C:\Users\USUARIO\.jdks\corretto-17.0.7\bin\net.dll
0x00007ffdd0400000 - 0x00007ffdd050a000 	C:\Windows\SYSTEM32\WINHTTP.dll
0x00007ffdd9340000 - 0x00007ffdd93aa000 	C:\Windows\system32\mswsock.dll
0x00007ffdcd1c0000 - 0x00007ffdcd1d5000 	C:\Users\USUARIO\.jdks\corretto-17.0.7\bin\nio.dll
0x00007ffdc8010000 - 0x00007ffdc8028000 	C:\Users\USUARIO\.jdks\corretto-17.0.7\bin\zip.dll
0x00007ffdd6b50000 - 0x00007ffdd6b59000 	C:\Users\USUARIO\.jdks\corretto-17.0.7\bin\management.dll
0x00007ffdd31e0000 - 0x00007ffdd31eb000 	C:\Users\USUARIO\.jdks\corretto-17.0.7\bin\management_ext.dll
0x00007ffddb230000 - 0x00007ffddb238000 	C:\Windows\System32\PSAPI.DLL
0x00007ffdd9f70000 - 0x00007ffdd9f88000 	C:\Windows\SYSTEM32\CRYPTSP.dll
0x00007ffdd8c80000 - 0x00007ffdd8cb4000 	C:\Windows\system32\rsaenh.dll
0x00007ffddac20000 - 0x00007ffddac47000 	C:\Windows\System32\bcrypt.dll
0x00007ffdda180000 - 0x00007ffdda1ae000 	C:\Windows\SYSTEM32\USERENV.dll
0x00007ffdd95a0000 - 0x00007ffdd95ac000 	C:\Windows\SYSTEM32\CRYPTBASE.dll
0x00007ffdd9000000 - 0x00007ffdd903b000 	C:\Windows\SYSTEM32\IPHLPAPI.DLL
0x00007ffddaed0000 - 0x00007ffddaed8000 	C:\Windows\System32\NSI.dll
0x00007ffdd0860000 - 0x00007ffdd0877000 	C:\Windows\SYSTEM32\dhcpcsvc6.DLL
0x00007ffdd1270000 - 0x00007ffdd128d000 	C:\Windows\SYSTEM32\dhcpcsvc.DLL
0x00007ffdd9040000 - 0x00007ffdd910a000 	C:\Windows\SYSTEM32\DNSAPI.dll
0x00007ffdd2f60000 - 0x00007ffdd2f6e000 	C:\Users\USUARIO\.jdks\corretto-17.0.7\bin\sunmscapi.dll
0x00007ffdda2d0000 - 0x00007ffdda42d000 	C:\Windows\System32\CRYPT32.dll
0x00007ffdd9620000 - 0x00007ffdd9647000 	C:\Windows\SYSTEM32\ncrypt.dll
0x00007ffdd95e0000 - 0x00007ffdd961b000 	C:\Windows\SYSTEM32\NTASN1.dll

dbghelp: loaded successfully - version: 4.0.5 - missing functions: none
symbol engine: initialized successfully - sym options: 0x614 - pdb path: .;C:\Users\USUARIO\.jdks\corretto-17.0.7\bin;C:\Windows\SYSTEM32;C:\Windows\WinSxS\amd64_microsoft.windows.common-controls_6595b64144ccf1df_6.0.19041.3570_none_60bb2a3971f3e41a;C:\Users\USUARIO\.jdks\corretto-17.0.7\bin\server

VM Arguments:
jvm_args: -Dfile.encoding=windows-1252 -Duser.country=CO -Duser.language=es -Duser.variant 
java_command: com.karmelshoes.KarmelshoesApplication
java_class_path (initial): C:\Users\USUARIO\Desktop\sena\karmelshoes\build\classes\java\main;C:\Users\USUARIO\Desktop\sena\karmelshoes\build\resources\main;C:\Users\USUARIO\.gradle\caches\modules-2\files-2.1\org.springframework.boot\spring-boot-devtools\3.1.5\e7725476fbcd154d7ee5d85446cac2e16db1d818\spring-boot-devtools-3.1.5.jar;C:\Users\USUARIO\.gradle\caches\modules-2\files-2.1\org.springframework.boot\spring-boot-starter-data-jpa\3.1.5\5fdcfab1fe9d6dddf4352d71f5ed879eb1aa92c2\spring-boot-starter-data-jpa-3.1.5.jar;C:\Users\USUARIO\.gradle\caches\modules-2\files-2.1\org.springframework.boot\spring-boot-starter-web\3.1.5\3674e5603cc25bc4dccf73b97d50234332fc3d72\spring-boot-starter-web-3.1.5.jar;C:\Users\USUARIO\.gradle\caches\modules-2\files-2.1\org.mapstruct\mapstruct\1.5.5.Final\2ca3cbe39b6e9ea8d5ea521965a89bef2a1e8eeb\mapstruct-1.5.5.Final.jar;C:\Users\USUARIO\.gradle\caches\modules-2\files-2.1\org.springframework.boot\spring-boot-starter-validation\3.1.5\f653e6661ec3da08003789f4a6583d1674e333b1\spring-boot-starter-validation-3.1.5.jar;C:\Users\USUARIO\.gradle\caches\modules-2\files-2.1\com.mysql\mysql-connector-j\8.0.33\9e64d997873abc4318620264703d3fdb6b02dd5a\mysql-connector-j-8.0.33.jar;C:\Users\USUARIO\.gradle\caches\modules-2\files-2.1\org.springframework.boot\spring-boot-starter-aop\3.1.5\2ac1f8bf4c2bce13b46d04abafc69a4f1523a08\spring-boot-starter-aop-3.1.5.jar;C:\Users\USUARIO\.gradle\caches\modules-2\files-2.1\org.springframework.boot\spring-boot-starter-jdbc\3.1.5\138c0e0ab493d8a51bb51dfc3b7144d702ff4c26\spring-boot-starter-jdbc-3.1.5.jar;C:\Users\USUARIO\.gradle\caches\modules-2\files-2.1\org.springframework.boot\spring-boot-starter-json\3.1.5\36ce79c1a5c63ffd72b092eb312cb35ac6edb128\spring-boot-starter-json-3.1.5.jar;C:\Users\USUARIO\.gradle\caches\modules-2\files-2.1\org.springframework.boot\spring-boot-starter\3.1.5\a14cd17b86261933929566775d80c65b9f7440fc\spring-boot-starter-3.1.5.jar;C:\Users\USUARIO\.gradle\caches\modules-2\files-2.1\org.sprin
Launcher Type: SUN_STANDARD

[Global flags]
     intx CICompilerCount                          = 3                                         {product} {ergonomic}
     uint ConcGCThreads                            = 1                                         {product} {ergonomic}
     uint G1ConcRefinementThreads                  = 4                                         {product} {ergonomic}
   size_t G1HeapRegionSize                         = 1048576                                   {product} {ergonomic}
    uintx GCDrainStackTargetSize                   = 64                                        {product} {ergonomic}
   size_t InitialHeapSize                          = 58720256                                  {product} {ergonomic}
   size_t MarkStackSize                            = 4194304                                   {product} {ergonomic}
   size_t MaxHeapSize                              = 929038336                                 {product} {ergonomic}
   size_t MaxNewSize                               = 556793856                                 {product} {ergonomic}
   size_t MinHeapDeltaBytes                        = 1048576                                   {product} {ergonomic}
   size_t MinHeapSize                              = 8388608                                   {product} {ergonomic}
    uintx NonNMethodCodeHeapSize                   = 5832780                                {pd product} {ergonomic}
    uintx NonProfiledCodeHeapSize                  = 122912730                              {pd product} {ergonomic}
    uintx ProfiledCodeHeapSize                     = 122912730                              {pd product} {ergonomic}
    uintx ReservedCodeCacheSize                    = 251658240                              {pd product} {ergonomic}
     bool SegmentedCodeCache                       = true                                      {product} {ergonomic}
   size_t SoftMaxHeapSize                          = 929038336                              {manageable} {ergonomic}
     bool UseCompressedClassPointers               = true                           {product lp64_product} {ergonomic}
     bool UseCompressedOops                        = true                           {product lp64_product} {ergonomic}
     bool UseG1GC                                  = true                                      {product} {ergonomic}
     bool UseLargePagesIndividualAllocation        = false                                  {pd product} {ergonomic}

Logging:
Log output configuration:
 #0: stdout all=warning uptime,level,tags
 #1: stderr all=off uptime,level,tags

Environment Variables:
PATH=C:\Program Files\Common Files\Oracle\Java\javapath;C:\Program Files (x86)\Common Files\Oracle\Java\javapath;C:\Windows\system32;C:\Windows;C:\Windows\System32\Wbem;C:\Windows\System32\WindowsPowerShell\v1.0\;C:\Windows\System32\OpenSSH\;C:\Program Files\Git\cmd;C:\Users\USUARIO\Downloads\apache-maven-3.9.2\bin;C:\Program Files\nodejs\;C:\Program Files\MySQL\MySQL Shell 8.0\bin\;C:\Users\USUARIO\AppData\Local\Microsoft\WindowsApps;;C:\Users\USUARIO\AppData\Local\Programs\Microsoft VS Code\bin;C:\Program Files\JetBrains\IntelliJ IDEA Community Edition 2023.1.2\bin;;C:\Users\USUARIO\AppData\Roaming\npm
USERNAME=USUARIO
OS=Windows_NT
PROCESSOR_IDENTIFIER=AMD64 Family 22 Model 0 Stepping 1, AuthenticAMD
TMP=C:\Users\USUARIO\AppData\Local\Temp
TEMP=C:\Users\USUARIO\AppData\Local\Temp



---------------  S Y S T E M  ---------------

OS:
 Windows 10 , 64 bit Build 19041 (10.0.19041.3570)
OS uptime: 16 days 9:09 hours

CPU: total 4 (initial active 4) (4 cores per cpu, 1 threads per core) family 22 model 0 stepping 1 microcode 0x0, cx8, cmov, fxsr, mmx, 3dnowpref, sse, sse2, sse3, ssse3, sse4a, sse4.1, sse4.2, popcnt, lzcnt, tsc, tscinvbit, avx, aes, clmul, bmi1, vzeroupper, clflush

Memory: 4k page, system-wide physical 3537M (178M free)
TotalPageFile size 9681M (AvailPageFile size 3M)
current process WorkingSet (physical memory assigned to process): 167M, peak: 169M
current process commit charge ("private bytes"): 204M, peak: 205M

vm_info: OpenJDK 64-Bit Server VM (17.0.7+7-LTS) for windows-amd64 JRE (17.0.7+7-LTS), built on Apr 14 2023 01:39:21 by "Administrator" with MS VC++ 15.9 (VS2017)

END.
