#
# There is insufficient memory for the Java Runtime Environment to continue.
# Native memory allocation (malloc) failed to allocate 969776 bytes for Chunk::new
# Possible reasons:
#   The system is out of physical RAM or swap space
#   The process is running with CompressedOops enabled, and the Java Heap may be blocking the growth of the native heap
# Possible solutions:
#   Reduce memory load on the system
#   Increase physical memory or swap space
#   Check if swap backing store is full
#   Decrease Java heap size (-Xmx/-Xms)
#   Decrease number of Java threads
#   Decrease Java thread stack sizes (-Xss)
#   Set larger code cache with -XX:ReservedCodeCacheSize=
#   JVM is running with Unscaled Compressed Oops mode in which the Java heap is
#     placed in the first 4GB address space. The Java Heap base address is the
#     maximum limit for the native heap growth. Please use -XX:HeapBaseMinAddress
#     to set the Java Heap base and to place the Java Heap above 4GB virtual address.
# This output file may be truncated or incomplete.
#
#  Out of Memory Error (arena.cpp:189), pid=8252, tid=8544
#
# JRE version: OpenJDK Runtime Environment Corretto-17.0.7.7.1 (17.0.7+7) (build 17.0.7+7-LTS)
# Java VM: OpenJDK 64-Bit Server VM Corretto-17.0.7.7.1 (17.0.7+7-LTS, mixed mode, sharing, tiered, compressed oops, compressed class ptrs, g1 gc, windows-amd64)
# No core dump will be written. Minidumps are not enabled by default on client versions of Windows
#

---------------  S U M M A R Y ------------

Command Line: -Dfile.encoding=windows-1252 -Duser.country=CO -Duser.language=es -Duser.variant com.karmelshoes.KarmelshoesApplication

Host: AMD A6-5200 APU with Radeon(TM) HD Graphics    , 4 cores, 3G,  Windows 10 , 64 bit Build 19041 (10.0.19041.3570)
Time: Thu Nov  2 18:46:02 2023 Hora est. Pacífico, Sudamérica elapsed time: 30.050412 seconds (0d 0h 0m 30s)

---------------  T H R E A D  ---------------

Current thread (0x000001927a555f30):  JavaThread "C2 CompilerThread1" daemon [_thread_in_native, id=8544, stack(0x00000024b9e00000,0x00000024b9f00000)]


Current CompileTask:
C2:  30050 5585       4       org.springframework.core.BridgeMethodResolver::findBridgedMethod (117 bytes)

Stack: [0x00000024b9e00000,0x00000024b9f00000]
Native frames: (J=compiled Java code, j=interpreted, Vv=VM code, C=native code)
V  [jvm.dll+0x64b53a]
V  [jvm.dll+0x7fef54]
V  [jvm.dll+0x80070e]
V  [jvm.dll+0x800d63]
V  [jvm.dll+0x236a2b]
V  [jvm.dll+0xbd47c]
V  [jvm.dll+0xbda5c]
V  [jvm.dll+0x350c37]
V  [jvm.dll+0x31b60f]
V  [jvm.dll+0x31aa4a]
V  [jvm.dll+0x20acf5]
V  [jvm.dll+0x20a287]
V  [jvm.dll+0x19a2ed]
V  [jvm.dll+0x21967d]
V  [jvm.dll+0x2178c4]
V  [jvm.dll+0x7b7dcb]
V  [jvm.dll+0x7b237a]
V  [jvm.dll+0x64a3a5]
C  [ucrtbase.dll+0x21bb2]
C  [KERNEL32.DLL+0x17344]
C  [ntdll.dll+0x526b1]


---------------  P R O C E S S  ---------------

Threads class SMR info:
_java_thread_list=0x000001927aaa1ec0, length=20, elements={
0x000001926c1d4740, 0x000001926c280370, 0x000001926c2810f0, 0x000001926c294020,
0x000001926c2968f0, 0x000001926c2981c0, 0x000001926c298a80, 0x000001926c29cc20,
0x000001926c29d5d0, 0x000001926c29e6b0, 0x000001927a3c5a90, 0x000001927a3d2410,
0x000001927a9e1560, 0x000001927a8f3ef0, 0x00000192106d4710, 0x00000192112aaeb0,
0x00000192111d2570, 0x000001920f582040, 0x000001920fd309c0, 0x000001927a555f30
}

Java Threads: ( => current thread )
  0x000001926c1d4740 JavaThread "main" [_thread_blocked, id=11696, stack(0x00000024b8000000,0x00000024b8100000)]
  0x000001926c280370 JavaThread "Reference Handler" daemon [_thread_blocked, id=3960, stack(0x00000024b8700000,0x00000024b8800000)]
  0x000001926c2810f0 JavaThread "Finalizer" daemon [_thread_blocked, id=14012, stack(0x00000024b8800000,0x00000024b8900000)]
  0x000001926c294020 JavaThread "Signal Dispatcher" daemon [_thread_blocked, id=8428, stack(0x00000024b8900000,0x00000024b8a00000)]
  0x000001926c2968f0 JavaThread "Attach Listener" daemon [_thread_blocked, id=4068, stack(0x00000024b8a00000,0x00000024b8b00000)]
  0x000001926c2981c0 JavaThread "Service Thread" daemon [_thread_blocked, id=8468, stack(0x00000024b8b00000,0x00000024b8c00000)]
  0x000001926c298a80 JavaThread "Monitor Deflation Thread" daemon [_thread_blocked, id=9412, stack(0x00000024b8c00000,0x00000024b8d00000)]
  0x000001926c29cc20 JavaThread "C2 CompilerThread0" daemon [_thread_in_native, id=196, stack(0x00000024b8d00000,0x00000024b8e00000)]
  0x000001926c29d5d0 JavaThread "C1 CompilerThread0" daemon [_thread_blocked, id=6092, stack(0x00000024b8e00000,0x00000024b8f00000)]
  0x000001926c29e6b0 JavaThread "Sweeper thread" daemon [_thread_blocked, id=7468, stack(0x00000024b8f00000,0x00000024b9000000)]
  0x000001927a3c5a90 JavaThread "Notification Thread" daemon [_thread_blocked, id=10304, stack(0x00000024b9000000,0x00000024b9100000)]
  0x000001927a3d2410 JavaThread "Common-Cleaner" daemon [_thread_blocked, id=14100, stack(0x00000024b9200000,0x00000024b9300000)]
  0x000001927a9e1560 JavaThread "Thread-0" [_thread_blocked, id=580, stack(0x00000024b9600000,0x00000024b9700000)]
  0x000001927a8f3ef0 JavaThread "restartedMain" [_thread_in_Java, id=3148, stack(0x00000024b9700000,0x00000024b9800000)]
  0x00000192106d4710 JavaThread "Catalina-utility-1" [_thread_blocked, id=2380, stack(0x00000024b9a00000,0x00000024b9b00000)]
  0x00000192112aaeb0 JavaThread "Catalina-utility-2" [_thread_blocked, id=11004, stack(0x00000024b9b00000,0x00000024b9c00000)]
  0x00000192111d2570 JavaThread "container-0" [_thread_blocked, id=6312, stack(0x00000024b9c00000,0x00000024b9d00000)]
  0x000001920f582040 JavaThread "mysql-cj-abandoned-connection-cleanup" daemon [_thread_blocked, id=5568, stack(0x00000024b9d00000,0x00000024b9e00000)]
  0x000001920fd309c0 JavaThread "HikariPool-1 housekeeper" daemon [_thread_blocked, id=9408, stack(0x00000024b9f00000,0x00000024ba000000)]
=>0x000001927a555f30 JavaThread "C2 CompilerThread1" daemon [_thread_in_native, id=8544, stack(0x00000024b9e00000,0x00000024b9f00000)]

Other Threads:
  0x000001926c275f80 VMThread "VM Thread" [stack: 0x00000024b8600000,0x00000024b8700000] [id=5240]
  0x000001927a3c6370 WatcherThread [stack: 0x00000024b9100000,0x00000024b9200000] [id=14048]
  0x000001926c20e4d0 GCTaskThread "GC Thread#0" [stack: 0x00000024b8100000,0x00000024b8200000] [id=7108]
  0x000001927ace5cd0 GCTaskThread "GC Thread#1" [stack: 0x00000024b9300000,0x00000024b9400000] [id=10492]
  0x000001927a9c7700 GCTaskThread "GC Thread#2" [stack: 0x00000024b9400000,0x00000024b9500000] [id=6448]
  0x000001927ac29bc0 GCTaskThread "GC Thread#3" [stack: 0x00000024b9500000,0x00000024b9600000] [id=2808]
  0x000001926c2175f0 ConcurrentGCThread "G1 Main Marker" [stack: 0x00000024b8200000,0x00000024b8300000] [id=14324]
  0x000001926c218750 ConcurrentGCThread "G1 Conc#0" [stack: 0x00000024b8300000,0x00000024b8400000] [id=1808]
  0x000001926c252800 ConcurrentGCThread "G1 Refine#0" [stack: 0x00000024b8400000,0x00000024b8500000] [id=5724]
  0x000001920f5306c0 ConcurrentGCThread "G1 Refine#1" [stack: 0x00000024b9900000,0x00000024b9a00000] [id=9556]
  0x000001926c2541e0 ConcurrentGCThread "G1 Service" [stack: 0x00000024b8500000,0x00000024b8600000] [id=10636]

Threads with active compile tasks:
C2 CompilerThread0    30110 5593   !   4       org.springframework.core.annotation.AnnotationsScanner::processMethodHierarchy (276 bytes)
C2 CompilerThread1    30111 5585       4       org.springframework.core.BridgeMethodResolver::findBridgedMethod (117 bytes)

VM state: not at safepoint (normal execution)

VM Mutex/Monitor currently owned by a thread: None

Heap address: 0x00000000c8a00000, size: 886 MB, Compressed Oops mode: 32-bit

CDS archive(s) mapped at: [0x0000000800000000-0x0000000800bc0000-0x0000000800bc0000), size 12320768, SharedBaseAddress: 0x0000000800000000, ArchiveRelocationMode: 0.
Compressed class space mapped at: 0x0000000801000000-0x0000000841000000, reserved size: 1073741824
Narrow klass base: 0x0000000800000000, Narrow klass shift: 0, Narrow klass range: 0x100000000

GC Precious Log:
 CPUs: 4 total, 4 available
 Memory: 3537M
 Large Page Support: Disabled
 NUMA Support: Disabled
 Compressed Oops: Enabled (32-bit)
 Heap Region Size: 1M
 Heap Min Capacity: 8M
 Heap Initial Capacity: 56M
 Heap Max Capacity: 886M
 Pre-touch: Disabled
 Parallel Workers: 4
 Concurrent Workers: 1
 Concurrent Refinement Workers: 4
 Periodic GC: Disabled

Heap:
 garbage-first heap   total 48128K, used 29837K [0x00000000c8a00000, 0x0000000100000000)
  region size 1024K, 9 young (9216K), 3 survivors (3072K)
 Metaspace       used 61262K, committed 61824K, reserved 1114112K
  class space    used 8359K, committed 8640K, reserved 1048576K

Heap Regions: E=young(eden), S=young(survivor), O=old, HS=humongous(starts), HC=humongous(continues), CS=collection set, F=free, OA=open archive, CA=closed archive, TAMS=top-at-mark-start (previous, next)
|   0|0x00000000c8a00000, 0x00000000c8b00000, 0x00000000c8b00000|100%|HS|  |TAMS 0x00000000c8b00000, 0x00000000c8a00000| Complete 
|   1|0x00000000c8b00000, 0x00000000c8c00000, 0x00000000c8c00000|100%| O|  |TAMS 0x00000000c8c00000, 0x00000000c8b00000| Untracked 
|   2|0x00000000c8c00000, 0x00000000c8d00000, 0x00000000c8d00000|100%| O|  |TAMS 0x00000000c8d00000, 0x00000000c8c00000| Untracked 
|   3|0x00000000c8d00000, 0x00000000c8e00000, 0x00000000c8e00000|100%| O|  |TAMS 0x00000000c8e00000, 0x00000000c8d00000| Untracked 
|   4|0x00000000c8e00000, 0x00000000c8f00000, 0x00000000c8f00000|100%| O|  |TAMS 0x00000000c8f00000, 0x00000000c8e00000| Untracked 
|   5|0x00000000c8f00000, 0x00000000c9000000, 0x00000000c9000000|100%| O|  |TAMS 0x00000000c9000000, 0x00000000c8f00000| Untracked 
|   6|0x00000000c9000000, 0x00000000c9100000, 0x00000000c9100000|100%| O|  |TAMS 0x00000000c9100000, 0x00000000c9000000| Untracked 
|   7|0x00000000c9100000, 0x00000000c9200000, 0x00000000c9200000|100%| O|  |TAMS 0x00000000c9200000, 0x00000000c9100000| Untracked 
|   8|0x00000000c9200000, 0x00000000c9300000, 0x00000000c9300000|100%| O|  |TAMS 0x00000000c9300000, 0x00000000c9200000| Untracked 
|   9|0x00000000c9300000, 0x00000000c93fce00, 0x00000000c9400000| 98%| O|  |TAMS 0x00000000c93fce00, 0x00000000c9300000| Untracked 
|  10|0x00000000c9400000, 0x00000000c9500000, 0x00000000c9500000|100%| O|  |TAMS 0x00000000c9500000, 0x00000000c9400000| Untracked 
|  11|0x00000000c9500000, 0x00000000c9600000, 0x00000000c9600000|100%| O|  |TAMS 0x00000000c9600000, 0x00000000c9500000| Untracked 
|  12|0x00000000c9600000, 0x00000000c9700000, 0x00000000c9700000|100%| O|  |TAMS 0x00000000c9700000, 0x00000000c9600000| Untracked 
|  13|0x00000000c9700000, 0x00000000c9800000, 0x00000000c9800000|100%| O|  |TAMS 0x00000000c9800000, 0x00000000c9700000| Untracked 
|  14|0x00000000c9800000, 0x00000000c9900000, 0x00000000c9900000|100%| O|  |TAMS 0x00000000c9900000, 0x00000000c9800000| Untracked 
|  15|0x00000000c9900000, 0x00000000c9a00000, 0x00000000c9a00000|100%| O|  |TAMS 0x00000000c9a00000, 0x00000000c9900000| Untracked 
|  16|0x00000000c9a00000, 0x00000000c9b00000, 0x00000000c9b00000|100%| O|  |TAMS 0x00000000c9b00000, 0x00000000c9a00000| Untracked 
|  17|0x00000000c9b00000, 0x00000000c9c00000, 0x00000000c9c00000|100%| O|  |TAMS 0x00000000c9c00000, 0x00000000c9b00000| Untracked 
|  18|0x00000000c9c00000, 0x00000000c9d00000, 0x00000000c9d00000|100%| O|  |TAMS 0x00000000c9d00000, 0x00000000c9c00000| Untracked 
|  19|0x00000000c9d00000, 0x00000000c9e00000, 0x00000000c9e00000|100%| O|  |TAMS 0x00000000c9e00000, 0x00000000c9d00000| Untracked 
|  20|0x00000000c9e00000, 0x00000000c9f00000, 0x00000000c9f00000|100%| O|  |TAMS 0x00000000c9f00000, 0x00000000c9e00000| Untracked 
|  21|0x00000000c9f00000, 0x00000000c9fd2a00, 0x00000000ca000000| 82%| O|  |TAMS 0x00000000c9f19200, 0x00000000c9f00000| Untracked 
|  22|0x00000000ca000000, 0x00000000ca000000, 0x00000000ca100000|  0%| F|  |TAMS 0x00000000ca000000, 0x00000000ca000000| Untracked 
|  23|0x00000000ca100000, 0x00000000ca100000, 0x00000000ca200000|  0%| F|  |TAMS 0x00000000ca100000, 0x00000000ca100000| Untracked 
|  24|0x00000000ca200000, 0x00000000ca200000, 0x00000000ca300000|  0%| F|  |TAMS 0x00000000ca200000, 0x00000000ca200000| Untracked 
|  25|0x00000000ca300000, 0x00000000ca300000, 0x00000000ca400000|  0%| F|  |TAMS 0x00000000ca300000, 0x00000000ca300000| Untracked 
|  26|0x00000000ca400000, 0x00000000ca400000, 0x00000000ca500000|  0%| F|  |TAMS 0x00000000ca400000, 0x00000000ca400000| Untracked 
|  27|0x00000000ca500000, 0x00000000ca553c10, 0x00000000ca600000| 32%| S|CS|TAMS 0x00000000ca500000, 0x00000000ca500000| Complete 
|  28|0x00000000ca600000, 0x00000000ca700000, 0x00000000ca700000|100%| S|CS|TAMS 0x00000000ca600000, 0x00000000ca600000| Complete 
|  29|0x00000000ca700000, 0x00000000ca800000, 0x00000000ca800000|100%| S|CS|TAMS 0x00000000ca700000, 0x00000000ca700000| Complete 
|  30|0x00000000ca800000, 0x00000000ca800000, 0x00000000ca900000|  0%| F|  |TAMS 0x00000000ca800000, 0x00000000ca800000| Untracked 
|  31|0x00000000ca900000, 0x00000000ca900000, 0x00000000caa00000|  0%| F|  |TAMS 0x00000000ca900000, 0x00000000ca900000| Untracked 
|  32|0x00000000caa00000, 0x00000000caa00000, 0x00000000cab00000|  0%| F|  |TAMS 0x00000000caa00000, 0x00000000caa00000| Untracked 
|  33|0x00000000cab00000, 0x00000000cab00000, 0x00000000cac00000|  0%| F|  |TAMS 0x00000000cab00000, 0x00000000cab00000| Untracked 
|  34|0x00000000cac00000, 0x00000000cac00000, 0x00000000cad00000|  0%| F|  |TAMS 0x00000000cac00000, 0x00000000cac00000| Untracked 
|  35|0x00000000cad00000, 0x00000000cad00000, 0x00000000cae00000|  0%| F|  |TAMS 0x00000000cad00000, 0x00000000cad00000| Untracked 
|  36|0x00000000cae00000, 0x00000000cae00000, 0x00000000caf00000|  0%| F|  |TAMS 0x00000000cae00000, 0x00000000cae00000| Untracked 
|  37|0x00000000caf00000, 0x00000000caf00000, 0x00000000cb000000|  0%| F|  |TAMS 0x00000000caf00000, 0x00000000caf00000| Untracked 
|  38|0x00000000cb000000, 0x00000000cb000000, 0x00000000cb100000|  0%| F|  |TAMS 0x00000000cb000000, 0x00000000cb000000| Untracked 
|  39|0x00000000cb100000, 0x00000000cb100000, 0x00000000cb200000|  0%| F|  |TAMS 0x00000000cb100000, 0x00000000cb100000| Untracked 
|  40|0x00000000cb200000, 0x00000000cb244ca8, 0x00000000cb300000| 26%| E|  |TAMS 0x00000000cb200000, 0x00000000cb200000| Complete 
|  41|0x00000000cb300000, 0x00000000cb400000, 0x00000000cb400000|100%| E|CS|TAMS 0x00000000cb300000, 0x00000000cb300000| Complete 
|  42|0x00000000cb400000, 0x00000000cb500000, 0x00000000cb500000|100%| E|CS|TAMS 0x00000000cb400000, 0x00000000cb400000| Complete 
|  43|0x00000000cb500000, 0x00000000cb600000, 0x00000000cb600000|100%| E|CS|TAMS 0x00000000cb500000, 0x00000000cb500000| Complete 
|  44|0x00000000cb600000, 0x00000000cb700000, 0x00000000cb700000|100%| E|CS|TAMS 0x00000000cb600000, 0x00000000cb600000| Complete 
|  45|0x00000000cb700000, 0x00000000cb800000, 0x00000000cb800000|100%| E|CS|TAMS 0x00000000cb700000, 0x00000000cb700000| Complete 
|  55|0x00000000cc100000, 0x00000000cc200000, 0x00000000cc200000|100%| E|CS|TAMS 0x00000000cc100000, 0x00000000cc100000| Complete 

Card table byte_map: [0x0000019275cc0000,0x0000019275e80000] _byte_map_base: 0x000001927567b000

Marking Bits (Prev, Next): (CMBitMap*) 0x000001926c20fe40, (CMBitMap*) 0x000001926c20fe00
 Prev Bits: [0x0000019276e20000, 0x0000019277bf8000)
 Next Bits: [0x0000019276040000, 0x0000019276e18000)

Polling page: 0x000001926c060000

Metaspace:

Usage:
  Non-class:     51.66 MB used.
      Class:      8.16 MB used.
       Both:     59.83 MB used.

Virtual space:
  Non-class space:       64.00 MB reserved,      51.94 MB ( 81%) committed,  1 nodes.
      Class space:        1.00 GB reserved,       8.44 MB ( <1%) committed,  1 nodes.
             Both:        1.06 GB reserved,      60.38 MB (  6%) committed. 

Chunk freelists:
   Non-Class:  11.85 MB
       Class:  7.55 MB
        Both:  19.40 MB

MaxMetaspaceSize: unlimited
CompressedClassSpaceSize: 1.00 GB
Initial GC threshold: 21.00 MB
Current GC threshold: 96.25 MB
CDS: on
MetaspaceReclaimPolicy: balanced
 - commit_granule_bytes: 65536.
 - commit_granule_words: 8192.
 - virtual_space_node_default_size: 8388608.
 - enlarge_chunks_in_place: 1.
 - new_chunks_are_fully_committed: 0.
 - uncommit_free_chunks: 1.
 - use_allocation_guard: 0.
 - handle_deallocations: 1.


Internal statistics:

num_allocs_failed_limit: 6.
num_arena_births: 686.
num_arena_deaths: 0.
num_vsnodes_births: 2.
num_vsnodes_deaths: 0.
num_space_committed: 966.
num_space_uncommitted: 0.
num_chunks_returned_to_freelist: 6.
num_chunks_taken_from_freelist: 2781.
num_chunk_merges: 6.
num_chunk_splits: 2040.
num_chunks_enlarged: 1603.
num_inconsistent_stats: 0.

CodeHeap 'non-profiled nmethods': size=120000Kb used=2722Kb max_used=3009Kb free=117277Kb
 bounds [0x0000019207ad0000, 0x0000019207dd0000, 0x000001920f000000]
CodeHeap 'profiled nmethods': size=120000Kb used=9652Kb max_used=11029Kb free=110347Kb
 bounds [0x0000019200000000, 0x0000019200ad0000, 0x0000019207530000]
CodeHeap 'non-nmethods': size=5760Kb used=1397Kb max_used=1397Kb free=4363Kb
 bounds [0x0000019207530000, 0x00000192077a0000, 0x0000019207ad0000]
 total_blobs=5568 nmethods=4879 adapters=600
 compilation: enabled
              stopped_count=0, restarted_count=0
 full_count=0

Compilation events (20 events):
Event: 30.038 Thread 0x000001926c29d5d0 nmethod 5662 0x000001920018b810 code [0x000001920018b9c0, 0x000001920018bcb8]
Event: 30.038 Thread 0x000001926c29d5d0 5661       3       java.util.Collections$2::tryAdvance (38 bytes)
Event: 30.038 Thread 0x000001926c29d5d0 nmethod 5661 0x0000019200016910 code [0x0000019200016ae0, 0x0000019200016eb8]
Event: 30.038 Thread 0x000001926c29d5d0 5664       3       java.util.Optional::isPresent (13 bytes)
Event: 30.039 Thread 0x000001926c29d5d0 nmethod 5664 0x0000019200556d10 code [0x0000019200556ea0, 0x0000019200557018]
Event: 30.039 Thread 0x000001926c29d5d0 5659       3       org.springframework.data.repository.core.support.RepositoryComposition$$Lambda$1256/0x000000080186eac8::<init> (10 bytes)
Event: 30.039 Thread 0x000001926c29d5d0 nmethod 5659 0x00000192005d6890 code [0x00000192005d6a20, 0x00000192005d6bd8]
Event: 30.039 Thread 0x000001926c29d5d0 5658       3       java.util.stream.Streams$ConcatSpliterator::estimateSize (51 bytes)
Event: 30.039 Thread 0x000001926c29d5d0 nmethod 5658 0x0000019200191810 code [0x00000192001919e0, 0x0000019200191e28]
Event: 30.039 Thread 0x000001926c29d5d0 5663       3       org.springframework.data.repository.core.support.RepositoryComposition$RepositoryFragments$$Lambda$1260/0x000000080186f3d8::<init> (15 bytes)
Event: 30.040 Thread 0x000001926c29d5d0 nmethod 5663 0x00000192000a1e90 code [0x00000192000a2040, 0x00000192000a2258]
Event: 30.040 Thread 0x000001926c29d5d0 5654       1       org.springframework.data.repository.core.support.AbstractRepositoryMetadata::getRepositoryInterface (5 bytes)
Event: 30.040 Thread 0x000001926c29d5d0 nmethod 5654 0x0000019207b4f710 code [0x0000019207b4f8a0, 0x0000019207b4f978]
Event: 30.040 Thread 0x000001926c29d5d0 5665       3       org.springframework.data.repository.core.RepositoryInformationSupport::getMetadata (13 bytes)
Event: 30.041 Thread 0x000001926c29d5d0 nmethod 5665 0x00000192000a1910 code [0x00000192000a1ac0, 0x00000192000a1da8]
Event: 30.041 Thread 0x000001926c29d5d0 5666       3       org.springframework.data.repository.core.RepositoryInformationSupport::getRepositoryInterface (10 bytes)
Event: 30.041 Thread 0x000001926c29d5d0 nmethod 5666 0x00000192000a1210 code [0x00000192000a13e0, 0x00000192000a17f8]
Event: 30.041 Thread 0x000001926c29d5d0 5667       3       org.springframework.data.util.Lazy::getNullable (35 bytes)
Event: 30.042 Thread 0x000001926c29d5d0 nmethod 5667 0x0000019200109210 code [0x00000192001093c0, 0x0000019200109668]
Event: 30.042 Thread 0x000001926c29d5d0 5668       3       org.springframework.data.repository.core.RepositoryInformationSupport::isQueryMethodCandidate (54 bytes)

GC Heap History (20 events):
Event: 18.349 GC heap before
{Heap before GC invocations=9 (full 0):
 garbage-first heap   total 48128K, used 34572K [0x00000000c8a00000, 0x0000000100000000)
  region size 1024K, 20 young (20480K), 1 survivors (1024K)
 Metaspace       used 29048K, committed 29440K, reserved 1114112K
  class space    used 3781K, committed 3968K, reserved 1048576K
}
Event: 18.355 GC heap after
{Heap after GC invocations=10 (full 0):
 garbage-first heap   total 48128K, used 16792K [0x00000000c8a00000, 0x0000000100000000)
  region size 1024K, 3 young (3072K), 3 survivors (3072K)
 Metaspace       used 29048K, committed 29440K, reserved 1114112K
  class space    used 3781K, committed 3968K, reserved 1048576K
}
Event: 19.877 GC heap before
{Heap before GC invocations=10 (full 0):
 garbage-first heap   total 48128K, used 34200K [0x00000000c8a00000, 0x0000000100000000)
  region size 1024K, 20 young (20480K), 3 survivors (3072K)
 Metaspace       used 31783K, committed 32256K, reserved 1114112K
  class space    used 4136K, committed 4352K, reserved 1048576K
}
Event: 19.885 GC heap after
{Heap after GC invocations=11 (full 0):
 garbage-first heap   total 48128K, used 17979K [0x00000000c8a00000, 0x0000000100000000)
  region size 1024K, 2 young (2048K), 2 survivors (2048K)
 Metaspace       used 31783K, committed 32256K, reserved 1114112K
  class space    used 4136K, committed 4352K, reserved 1048576K
}
Event: 21.395 GC heap before
{Heap before GC invocations=11 (full 0):
 garbage-first heap   total 48128K, used 34363K [0x00000000c8a00000, 0x0000000100000000)
  region size 1024K, 19 young (19456K), 2 survivors (2048K)
 Metaspace       used 35557K, committed 35968K, reserved 1114112K
  class space    used 4750K, committed 4992K, reserved 1048576K
}
Event: 21.400 GC heap after
{Heap after GC invocations=12 (full 0):
 garbage-first heap   total 48128K, used 18621K [0x00000000c8a00000, 0x0000000100000000)
  region size 1024K, 2 young (2048K), 2 survivors (2048K)
 Metaspace       used 35557K, committed 35968K, reserved 1114112K
  class space    used 4750K, committed 4992K, reserved 1048576K
}
Event: 23.701 GC heap before
{Heap before GC invocations=13 (full 0):
 garbage-first heap   total 48128K, used 35005K [0x00000000c8a00000, 0x0000000100000000)
  region size 1024K, 19 young (19456K), 2 survivors (2048K)
 Metaspace       used 43814K, committed 44288K, reserved 1114112K
  class space    used 5737K, committed 5952K, reserved 1048576K
}
Event: 23.711 GC heap after
{Heap after GC invocations=14 (full 0):
 garbage-first heap   total 48128K, used 20752K [0x00000000c8a00000, 0x0000000100000000)
  region size 1024K, 3 young (3072K), 3 survivors (3072K)
 Metaspace       used 43814K, committed 44288K, reserved 1114112K
  class space    used 5737K, committed 5952K, reserved 1048576K
}
Event: 23.814 GC heap before
{Heap before GC invocations=14 (full 0):
 garbage-first heap   total 48128K, used 21776K [0x00000000c8a00000, 0x0000000100000000)
  region size 1024K, 4 young (4096K), 3 survivors (3072K)
 Metaspace       used 44090K, committed 44480K, reserved 1114112K
  class space    used 5769K, committed 5952K, reserved 1048576K
}
Event: 23.826 GC heap after
{Heap after GC invocations=15 (full 0):
 garbage-first heap   total 48128K, used 20947K [0x00000000c8a00000, 0x0000000100000000)
  region size 1024K, 1 young (1024K), 1 survivors (1024K)
 Metaspace       used 44090K, committed 44480K, reserved 1114112K
  class space    used 5769K, committed 5952K, reserved 1048576K
}
Event: 24.969 GC heap before
{Heap before GC invocations=15 (full 0):
 garbage-first heap   total 48128K, used 37331K [0x00000000c8a00000, 0x0000000100000000)
  region size 1024K, 17 young (17408K), 1 survivors (1024K)
 Metaspace       used 47162K, committed 47616K, reserved 1114112K
  class space    used 6200K, committed 6400K, reserved 1048576K
}
Event: 24.974 GC heap after
{Heap after GC invocations=16 (full 0):
 garbage-first heap   total 48128K, used 21687K [0x00000000c8a00000, 0x0000000100000000)
  region size 1024K, 2 young (2048K), 2 survivors (2048K)
 Metaspace       used 47162K, committed 47616K, reserved 1114112K
  class space    used 6200K, committed 6400K, reserved 1048576K
}
Event: 26.057 GC heap before
{Heap before GC invocations=16 (full 0):
 garbage-first heap   total 48128K, used 37047K [0x00000000c8a00000, 0x0000000100000000)
  region size 1024K, 17 young (17408K), 2 survivors (2048K)
 Metaspace       used 51159K, committed 51648K, reserved 1114112K
  class space    used 6717K, committed 6976K, reserved 1048576K
}
Event: 26.070 GC heap after
{Heap after GC invocations=17 (full 0):
 garbage-first heap   total 48128K, used 22342K [0x00000000c8a00000, 0x0000000100000000)
  region size 1024K, 2 young (2048K), 2 survivors (2048K)
 Metaspace       used 51159K, committed 51648K, reserved 1114112K
  class space    used 6717K, committed 6976K, reserved 1048576K
}
Event: 27.275 GC heap before
{Heap before GC invocations=17 (full 0):
 garbage-first heap   total 48128K, used 37702K [0x00000000c8a00000, 0x0000000100000000)
  region size 1024K, 17 young (17408K), 2 survivors (2048K)
 Metaspace       used 55065K, committed 55552K, reserved 1114112K
  class space    used 7461K, committed 7744K, reserved 1048576K
}
Event: 27.281 GC heap after
{Heap after GC invocations=18 (full 0):
 garbage-first heap   total 48128K, used 22953K [0x00000000c8a00000, 0x0000000100000000)
  region size 1024K, 2 young (2048K), 2 survivors (2048K)
 Metaspace       used 55065K, committed 55552K, reserved 1114112K
  class space    used 7461K, committed 7744K, reserved 1048576K
}
Event: 28.384 GC heap before
{Heap before GC invocations=18 (full 0):
 garbage-first heap   total 48128K, used 37289K [0x00000000c8a00000, 0x0000000100000000)
  region size 1024K, 16 young (16384K), 2 survivors (2048K)
 Metaspace       used 58146K, committed 58688K, reserved 1114112K
  class space    used 7918K, committed 8192K, reserved 1048576K
}
Event: 28.393 GC heap after
{Heap after GC invocations=19 (full 0):
 garbage-first heap   total 48128K, used 23483K [0x00000000c8a00000, 0x0000000100000000)
  region size 1024K, 2 young (2048K), 2 survivors (2048K)
 Metaspace       used 58146K, committed 58688K, reserved 1114112K
  class space    used 7918K, committed 8192K, reserved 1048576K
}
Event: 29.718 GC heap before
{Heap before GC invocations=20 (full 0):
 garbage-first heap   total 48128K, used 37819K [0x00000000c8a00000, 0x0000000100000000)
  region size 1024K, 17 young (17408K), 2 survivors (2048K)
 Metaspace       used 60716K, committed 61248K, reserved 1114112K
  class space    used 8266K, committed 8512K, reserved 1048576K
}
Event: 29.727 GC heap after
{Heap after GC invocations=21 (full 0):
 garbage-first heap   total 48128K, used 24717K [0x00000000c8a00000, 0x0000000100000000)
  region size 1024K, 3 young (3072K), 3 survivors (3072K)
 Metaspace       used 60716K, committed 61248K, reserved 1114112K
  class space    used 8266K, committed 8512K, reserved 1048576K
}

Dll operation events (10 events):
Event: 0.059 Loaded shared library C:\Users\USUARIO\.jdks\corretto-17.0.7\bin\java.dll
Event: 0.095 Loaded shared library C:\Users\USUARIO\.jdks\corretto-17.0.7\bin\jsvml.dll
Event: 0.515 Loaded shared library C:\Users\USUARIO\.jdks\corretto-17.0.7\bin\net.dll
Event: 0.522 Loaded shared library C:\Users\USUARIO\.jdks\corretto-17.0.7\bin\nio.dll
Event: 0.534 Loaded shared library C:\Users\USUARIO\.jdks\corretto-17.0.7\bin\zip.dll
Event: 1.861 Loaded shared library C:\Users\USUARIO\.jdks\corretto-17.0.7\bin\jimage.dll
Event: 3.411 Loaded shared library C:\Users\USUARIO\.jdks\corretto-17.0.7\bin\management.dll
Event: 3.423 Loaded shared library C:\Users\USUARIO\.jdks\corretto-17.0.7\bin\management_ext.dll
Event: 18.121 Loaded shared library C:\Users\USUARIO\.jdks\corretto-17.0.7\bin\sunmscapi.dll
Event: 20.700 Loaded shared library C:\Users\USUARIO\.jdks\corretto-17.0.7\bin\verify.dll

Deoptimization events (20 events):
Event: 29.829 Thread 0x000001927a8f3ef0 Uncommon trap: trap_request=0xffffffde fr.pc=0x0000019207c7bf8c relative=0x0000000000000c0c
Event: 29.829 Thread 0x000001927a8f3ef0 Uncommon trap: reason=class_check action=maybe_recompile pc=0x0000019207c7bf8c method=org.springframework.util.ConcurrentReferenceHashMap$Segment.findInChain(Lorg/springframework/util/ConcurrentReferenceHashMap$Reference;Ljava/lang/Object;I)Lorg/springfra
Event: 29.829 Thread 0x000001927a8f3ef0 DEOPT PACKING pc=0x0000019207c7bf8c sp=0x00000024b97fc8f0
Event: 29.829 Thread 0x000001927a8f3ef0 DEOPT UNPACKING pc=0x00000192075869a3 sp=0x00000024b97fc738 mode 2
Event: 29.829 Thread 0x000001927a8f3ef0 Uncommon trap: trap_request=0xffffffde fr.pc=0x0000019207c7bf8c relative=0x0000000000000c0c
Event: 29.829 Thread 0x000001927a8f3ef0 Uncommon trap: reason=class_check action=maybe_recompile pc=0x0000019207c7bf8c method=org.springframework.util.ConcurrentReferenceHashMap$Segment.findInChain(Lorg/springframework/util/ConcurrentReferenceHashMap$Reference;Ljava/lang/Object;I)Lorg/springfra
Event: 29.829 Thread 0x000001927a8f3ef0 DEOPT PACKING pc=0x0000019207c7bf8c sp=0x00000024b97fc8f0
Event: 29.829 Thread 0x000001927a8f3ef0 DEOPT UNPACKING pc=0x00000192075869a3 sp=0x00000024b97fc738 mode 2
Event: 29.839 Thread 0x000001927a8f3ef0 Uncommon trap: trap_request=0xffffffde fr.pc=0x0000019207c7d8ec relative=0x0000000000000b8c
Event: 29.839 Thread 0x000001927a8f3ef0 Uncommon trap: reason=class_check action=maybe_recompile pc=0x0000019207c7d8ec method=org.springframework.util.ConcurrentReferenceHashMap$Segment.findInChain(Lorg/springframework/util/ConcurrentReferenceHashMap$Reference;Ljava/lang/Object;I)Lorg/springfra
Event: 29.839 Thread 0x000001927a8f3ef0 DEOPT PACKING pc=0x0000019207c7d8ec sp=0x00000024b97fc850
Event: 29.839 Thread 0x000001927a8f3ef0 DEOPT UNPACKING pc=0x00000192075869a3 sp=0x00000024b97fc728 mode 2
Event: 29.839 Thread 0x000001927a8f3ef0 Uncommon trap: trap_request=0xffffffde fr.pc=0x0000019207c85d44 relative=0x0000000000000964
Event: 29.839 Thread 0x000001927a8f3ef0 Uncommon trap: reason=class_check action=maybe_recompile pc=0x0000019207c85d44 method=org.springframework.util.ConcurrentReferenceHashMap$Segment.findInChain(Lorg/springframework/util/ConcurrentReferenceHashMap$Reference;Ljava/lang/Object;I)Lorg/springfra
Event: 29.839 Thread 0x000001927a8f3ef0 DEOPT PACKING pc=0x0000019207c85d44 sp=0x00000024b97fc7e0
Event: 29.839 Thread 0x000001927a8f3ef0 DEOPT UNPACKING pc=0x00000192075869a3 sp=0x00000024b97fc728 mode 2
Event: 29.845 Thread 0x000001927a8f3ef0 Uncommon trap: trap_request=0xffffffde fr.pc=0x0000019207c7ab98 relative=0x00000000000004d8
Event: 29.845 Thread 0x000001927a8f3ef0 Uncommon trap: reason=class_check action=maybe_recompile pc=0x0000019207c7ab98 method=org.springframework.util.ConcurrentReferenceHashMap$Segment.findInChain(Lorg/springframework/util/ConcurrentReferenceHashMap$Reference;Ljava/lang/Object;I)Lorg/springfra
Event: 29.845 Thread 0x000001927a8f3ef0 DEOPT PACKING pc=0x0000019207c7ab98 sp=0x00000024b97fc780
Event: 29.845 Thread 0x000001927a8f3ef0 DEOPT UNPACKING pc=0x00000192075869a3 sp=0x00000024b97fc718 mode 2

Classes unloaded (0 events):
No events

Classes redefined (0 events):
No events

Internal exceptions (20 events):
Event: 27.796 Thread 0x000001927a8f3ef0 Exception <a 'java/lang/NoSuchMethodError'{0x00000000cb115b08}: 'java.lang.Object java.lang.invoke.DirectMethodHandle$Holder.newInvokeSpecial(java.lang.Object, java.lang.Object, java.lang.Object, java.lang.Object, java.lang.Object, java.lang.Object)'> (0x00000000cb115b08) 
thrown [s\src\hotspot\share\interpreter\linkResolver.cpp, line 759]
Event: 27.841 Thread 0x000001927a8f3ef0 Exception <a 'java/lang/NoSuchMethodError'{0x00000000cb197b38}: 'void java.lang.invoke.DirectMethodHandle$Holder.invokeInterface(java.lang.Object, java.lang.Object, int, java.lang.Object)'> (0x00000000cb197b38) 
thrown [s\src\hotspot\share\interpreter\linkResolver.cpp, line 759]
Event: 27.853 Thread 0x000001927a8f3ef0 Exception <a 'java/lang/NoSuchMethodError'{0x00000000cb1c1720}: 'java.lang.Object java.lang.invoke.DirectMethodHandle$Holder.newInvokeSpecial(java.lang.Object, java.lang.Object, int, java.lang.Object)'> (0x00000000cb1c1720) 
thrown [s\src\hotspot\share\interpreter\linkResolver.cpp, line 759]
Event: 27.854 Thread 0x000001927a8f3ef0 Exception <a 'java/lang/NoSuchMethodError'{0x00000000cb1c52e8}: 'java.lang.Object java.lang.invoke.Invokers$Holder.linkToTargetMethod(java.lang.Object, int, java.lang.Object, java.lang.Object)'> (0x00000000cb1c52e8) 
thrown [s\src\hotspot\share\interpreter\linkResolver.cpp, line 759]
Event: 27.963 Thread 0x000001927a8f3ef0 Exception <a 'java/lang/NoSuchMethodError'{0x00000000cafad7b8}: 'int java.lang.invoke.DirectMethodHandle$Holder.invokeStatic(java.lang.Object, int, java.lang.Object)'> (0x00000000cafad7b8) 
thrown [s\src\hotspot\share\interpreter\linkResolver.cpp, line 759]
Event: 27.970 Thread 0x000001927a8f3ef0 Exception <a 'java/lang/NoSuchMethodError'{0x00000000cafcb930}: 'java.lang.Object java.lang.invoke.DirectMethodHandle$Holder.newInvokeSpecial(java.lang.Object, java.lang.Object, java.lang.Object, java.lang.Object, java.lang.Object, int, java.lang.Object)'> (0x00000000cafcb930) 
thrown [s\src\hotspot\share\interpreter\linkResolver.cpp, line 759]
Event: 27.990 Thread 0x000001927a8f3ef0 Exception <a 'java/lang/NoSuchMethodError'{0x00000000cae1bc68}: 'java.lang.Object java.lang.invoke.DirectMethodHandle$Holder.newInvokeSpecial(java.lang.Object, java.lang.Object, java.lang.Object, java.lang.Object, java.lang.Object, java.lang.Object, java.lang.Object, java.lang.Object, java.lang.Object, java.lang.Object, java.lang.Object)'> (0x00000000cae1bc68) 
thrown [s\src\hotspot\share\interpreter\linkResolver.cpp, line 759]
Event: 27.991 Thread 0x000001927a8f3ef0 Exception <a 'java/lang/NoSuchMethodError'{0x00000000cae20978}: 'java.lang.Object java.lang.invoke.DirectMethodHandle$Holder.invokeSpecial(java.lang.Object, java.lang.Object, java.lang.Object, java.lang.Object, java.lang.Object, java.lang.Object, java.lang.Object, java.lang.Object, java.lang.Object, java.lang.Object, java.lang.Object, java.lang.Object)'> (0x00000000cae20978) 
thrown [s\src\hotspot\share\interpreter\linkResolver.cpp, line 759]
Event: 27.992 Thread 0x000001927a8f3ef0 Exception <a 'java/lang/NoSuchMethodError'{0x00000000cae24f18}: 'java.lang.Object java.lang.invoke.Invokers$Holder.linkToTargetMethod(java.lang.Object, java.lang.Object, java.lang.Object, java.lang.Object, java.lang.Object, java.lang.Object, java.lang.Object, java.lang.Object, java.lang.Object, java.lang.Object, java.lang.Object)'> (0x00000000cae24f18) 
thrown [s\src\hotspot\share\interpreter\linkResolver.cpp, line 759]
Event: 28.223 Thread 0x000001927a8f3ef0 Exception <a 'java/lang/NoSuchMethodError'{0x00000000cadf01f0}: 'java.lang.Object java.lang.invoke.DirectMethodHandle$Holder.newInvokeSpecial(java.lang.Object, java.lang.Object, java.lang.Object, java.lang.Object, java.lang.Object, java.lang.Object, java.lang.Object, int)'> (0x00000000cadf01f0) 
thrown [s\src\hotspot\share\interpreter\linkResolver.cpp, line 759]
Event: 28.224 Thread 0x000001927a8f3ef0 Exception <a 'java/lang/NoSuchMethodError'{0x00000000cadf51e8}: 'java.lang.Object java.lang.invoke.DirectMethodHandle$Holder.invokeSpecial(java.lang.Object, java.lang.Object, java.lang.Object, java.lang.Object, java.lang.Object, java.lang.Object, java.lang.Object, java.lang.Object, int)'> (0x00000000cadf51e8) 
thrown [s\src\hotspot\share\interpreter\linkResolver.cpp, line 759]
Event: 28.225 Thread 0x000001927a8f3ef0 Exception <a 'java/lang/NoSuchMethodError'{0x00000000cadf9cb0}: 'java.lang.Object java.lang.invoke.Invokers$Holder.linkToTargetMethod(java.lang.Object, java.lang.Object, java.lang.Object, java.lang.Object, java.lang.Object, java.lang.Object, int, java.lang.Object)'> (0x00000000cadf9cb0) 
thrown [s\src\hotspot\share\interpreter\linkResolver.cpp, line 759]
Event: 28.292 Thread 0x000001927a8f3ef0 Exception <a 'java/lang/NoSuchMethodError'{0x00000000cacf8f70}: 'java.lang.Object java.lang.invoke.DirectMethodHandle$Holder.newInvokeSpecial(java.lang.Object, java.lang.Object, int, java.lang.Object, int, java.lang.Object, java.lang.Object)'> (0x00000000cacf8f70) 
thrown [s\src\hotspot\share\interpreter\linkResolver.cpp, line 759]
Event: 28.355 Thread 0x000001927a8f3ef0 Exception <a 'java/lang/NoSuchMethodError'{0x00000000cab8c570}: 'void java.lang.invoke.DirectMethodHandle$Holder.invokeInterface(java.lang.Object, java.lang.Object)'> (0x00000000cab8c570) 
thrown [s\src\hotspot\share\interpreter\linkResolver.cpp, line 759]
Event: 28.871 Thread 0x000001927a8f3ef0 Exception <a 'java/lang/NoSuchMethodError'{0x00000000cb44b8d8}: 'java.lang.Object java.lang.invoke.DirectMethodHandle$Holder.invokeSpecial(java.lang.Object, java.lang.Object, int, java.lang.Object, int)'> (0x00000000cb44b8d8) 
thrown [s\src\hotspot\share\interpreter\linkResolver.cpp, line 759]
Event: 29.257 Thread 0x000001927a8f3ef0 Exception <a 'java/lang/IncompatibleClassChangeError'{0x00000000caf4f338}: Found class java.lang.Object, but interface was expected> (0x00000000caf4f338) 
thrown [s\src\hotspot\share\interpreter\linkResolver.cpp, line 826]
Event: 29.274 Thread 0x000001927a8f3ef0 Implicit null exception at 0x0000019207d43533 to 0x0000019207d47530
Event: 29.300 Thread 0x000001927a8f3ef0 Exception <a 'java/lang/IncompatibleClassChangeError'{0x00000000cafd2b50}: Found class java.lang.Object, but interface was expected> (0x00000000cafd2b50) 
thrown [s\src\hotspot\share\interpreter\linkResolver.cpp, line 826]
Event: 29.421 Thread 0x000001927a8f3ef0 Exception <a 'java/lang/IncompatibleClassChangeError'{0x00000000cad45798}: Found class java.lang.Object, but interface was expected> (0x00000000cad45798) 
thrown [s\src\hotspot\share\interpreter\linkResolver.cpp, line 826]
Event: 29.983 Thread 0x000001927a8f3ef0 Exception <a 'java/lang/IncompatibleClassChangeError'{0x00000000cb6ab6b0}: Found class java.lang.Object, but interface was expected> (0x00000000cb6ab6b0) 
thrown [s\src\hotspot\share\interpreter\linkResolver.cpp, line 826]

VM Operations (20 events):
Event: 27.275 Executing VM operation: G1CollectForAllocation
Event: 27.281 Executing VM operation: G1CollectForAllocation done
Event: 27.384 Executing VM operation: HandshakeAllThreads
Event: 27.384 Executing VM operation: HandshakeAllThreads done
Event: 27.417 Executing VM operation: HandshakeAllThreads
Event: 27.439 Executing VM operation: HandshakeAllThreads done
Event: 28.383 Executing VM operation: G1CollectForAllocation
Event: 28.393 Executing VM operation: G1CollectForAllocation done
Event: 28.486 Executing VM operation: G1Concurrent
Event: 28.495 Executing VM operation: G1Concurrent done
Event: 28.534 Executing VM operation: G1Concurrent
Event: 28.534 Executing VM operation: G1Concurrent done
Event: 28.711 Executing VM operation: HandshakeAllThreads
Event: 28.711 Executing VM operation: HandshakeAllThreads done
Event: 29.713 Executing VM operation: Cleanup
Event: 29.713 Executing VM operation: Cleanup done
Event: 29.718 Executing VM operation: G1CollectForAllocation
Event: 29.727 Executing VM operation: G1CollectForAllocation done
Event: 29.791 Executing VM operation: HandshakeAllThreads
Event: 29.791 Executing VM operation: HandshakeAllThreads done

Events (20 events):
Event: 27.453 Thread 0x000001926c29e6b0 flushing nmethod 0x000001920096a210
Event: 27.453 Thread 0x000001926c29e6b0 flushing nmethod 0x00000192009a4790
Event: 27.454 Thread 0x000001926c29e6b0 flushing nmethod 0x00000192009da590
Event: 27.454 Thread 0x000001926c29e6b0 flushing nmethod 0x0000019200a18b90
Event: 27.455 Thread 0x000001926c29e6b0 flushing nmethod 0x0000019200aa3610
Event: 28.463 Thread 0x000001927a4a4230 Thread exited: 0x000001927a4a4230
Event: 29.027 loading class javax/naming/Reference
Event: 29.028 loading class javax/naming/Reference done
Event: 29.100 Thread 0x000001927a555f30 Thread added: 0x000001927a555f30
Event: 29.108 loading class java/lang/SafeVarargs
Event: 29.108 loading class java/lang/SafeVarargs done
Event: 29.120 loading class sun/reflect/generics/reflectiveObjects/GenericArrayTypeImpl
Event: 29.121 loading class sun/reflect/generics/reflectiveObjects/GenericArrayTypeImpl done
Event: 29.255 loading class java/util/concurrent/ConcurrentHashMap$TreeNode
Event: 29.255 loading class java/util/concurrent/ConcurrentHashMap$TreeNode done
Event: 29.256 loading class java/util/concurrent/ConcurrentHashMap$TreeBin
Event: 29.256 loading class java/util/concurrent/ConcurrentHashMap$TreeBin done
Event: 29.274 Thread 0x000001920fd33040 Thread exited: 0x000001920fd33040
Event: 30.004 loading class java/lang/Package$1PackageInfoProxy
Event: 30.004 loading class java/lang/Package$1PackageInfoProxy done


Dynamic libraries:
0x00007ff626af0000 - 0x00007ff626afd000 	C:\Users\USUARIO\.jdks\corretto-17.0.7\bin\java.exe
0x00007ffddcbf0000 - 0x00007ffddcde7000 	C:\Windows\SYSTEM32\ntdll.dll
0x00007ffddc800000 - 0x00007ffddc8bd000 	C:\Windows\System32\KERNEL32.DLL
0x00007ffdda920000 - 0x00007ffddac16000 	C:\Windows\System32\KERNELBASE.dll
0x00007ffdda540000 - 0x00007ffdda640000 	C:\Windows\System32\ucrtbase.dll
0x00007ffdcdf10000 - 0x00007ffdcdf27000 	C:\Users\USUARIO\.jdks\corretto-17.0.7\bin\jli.dll
0x00007ffdcd230000 - 0x00007ffdcd245000 	C:\Users\USUARIO\.jdks\corretto-17.0.7\bin\VCRUNTIME140.dll
0x00007ffddad30000 - 0x00007ffddaece000 	C:\Windows\System32\USER32.dll
0x00007ffdda640000 - 0x00007ffdda662000 	C:\Windows\System32\win32u.dll
0x00007ffddcb80000 - 0x00007ffddcbac000 	C:\Windows\System32\GDI32.dll
0x00007ffdda6c0000 - 0x00007ffdda7da000 	C:\Windows\System32\gdi32full.dll
0x00007ffdda4a0000 - 0x00007ffdda53d000 	C:\Windows\System32\msvcp_win.dll
0x00007ffdd9650000 - 0x00007ffdd98ea000 	C:\Windows\WinSxS\amd64_microsoft.windows.common-controls_6595b64144ccf1df_6.0.19041.3570_none_60bb2a3971f3e41a\COMCTL32.dll
0x00007ffddb670000 - 0x00007ffddb70e000 	C:\Windows\System32\msvcrt.dll
0x00007ffddad00000 - 0x00007ffddad30000 	C:\Windows\System32\IMM32.DLL
0x00007ffdbb6b0000 - 0x00007ffdbb74b000 	C:\Users\USUARIO\.jdks\corretto-17.0.7\bin\msvcp140.dll
0x00007ffda1d20000 - 0x00007ffda293a000 	C:\Users\USUARIO\.jdks\corretto-17.0.7\bin\server\jvm.dll
0x00007ffddaee0000 - 0x00007ffddaf8e000 	C:\Windows\System32\ADVAPI32.dll
0x00007ffddbe60000 - 0x00007ffddbefc000 	C:\Windows\System32\sechost.dll
0x00007ffddca50000 - 0x00007ffddcb76000 	C:\Windows\System32\RPCRT4.dll
0x00007ffdcd760000 - 0x00007ffdcd769000 	C:\Windows\SYSTEM32\WSOCK32.dll
0x00007ffddc9e0000 - 0x00007ffddca4b000 	C:\Windows\System32\WS2_32.dll
0x00007ffdd06c0000 - 0x00007ffdd06e7000 	C:\Windows\SYSTEM32\WINMM.dll
0x00007ffdd6f60000 - 0x00007ffdd6f6a000 	C:\Windows\SYSTEM32\VERSION.dll
0x00007ffdd7260000 - 0x00007ffdd7272000 	C:\Windows\SYSTEM32\kernel.appcore.dll
0x00007ffdce7c0000 - 0x00007ffdce7ca000 	C:\Users\USUARIO\.jdks\corretto-17.0.7\bin\jimage.dll
0x00007ffdd9be0000 - 0x00007ffdd9dc4000 	C:\Windows\SYSTEM32\DBGHELP.DLL
0x00007ffdd9ba0000 - 0x00007ffdd9bd4000 	C:\Windows\SYSTEM32\dbgcore.DLL
0x00007ffdda7e0000 - 0x00007ffdda862000 	C:\Windows\System32\bcryptPrimitives.dll
0x00007ffdcd200000 - 0x00007ffdcd225000 	C:\Users\USUARIO\.jdks\corretto-17.0.7\bin\java.dll
0x00007ffdb8930000 - 0x00007ffdb8a06000 	C:\Users\USUARIO\.jdks\corretto-17.0.7\bin\jsvml.dll
0x00007ffddb710000 - 0x00007ffddbe54000 	C:\Windows\System32\SHELL32.dll
0x00007ffdd7570000 - 0x00007ffdd7d0b000 	C:\Windows\SYSTEM32\windows.storage.dll
0x00007ffddb310000 - 0x00007ffddb664000 	C:\Windows\System32\combase.dll
0x00007ffdd95b0000 - 0x00007ffdd95dd000 	C:\Windows\SYSTEM32\Wldp.dll
0x00007ffddaf90000 - 0x00007ffddb03d000 	C:\Windows\System32\SHCORE.dll
0x00007ffddb1d0000 - 0x00007ffddb225000 	C:\Windows\System32\shlwapi.dll
0x00007ffdda200000 - 0x00007ffdda225000 	C:\Windows\SYSTEM32\profapi.dll
0x00007ffdcd1e0000 - 0x00007ffdcd1f9000 	C:\Users\USUARIO\.jdks\corretto-17.0.7\bin\net.dll
0x00007ffdd0400000 - 0x00007ffdd050a000 	C:\Windows\SYSTEM32\WINHTTP.dll
0x00007ffdd9340000 - 0x00007ffdd93aa000 	C:\Windows\system32\mswsock.dll
0x00007ffdcd1c0000 - 0x00007ffdcd1d5000 	C:\Users\USUARIO\.jdks\corretto-17.0.7\bin\nio.dll
0x00007ffdc8010000 - 0x00007ffdc8028000 	C:\Users\USUARIO\.jdks\corretto-17.0.7\bin\zip.dll
0x00007ffdd6b50000 - 0x00007ffdd6b59000 	C:\Users\USUARIO\.jdks\corretto-17.0.7\bin\management.dll
0x00007ffdd31e0000 - 0x00007ffdd31eb000 	C:\Users\USUARIO\.jdks\corretto-17.0.7\bin\management_ext.dll
0x00007ffddb230000 - 0x00007ffddb238000 	C:\Windows\System32\PSAPI.DLL
0x00007ffdd9f70000 - 0x00007ffdd9f88000 	C:\Windows\SYSTEM32\CRYPTSP.dll
0x00007ffdd8c80000 - 0x00007ffdd8cb4000 	C:\Windows\system32\rsaenh.dll
0x00007ffddac20000 - 0x00007ffddac47000 	C:\Windows\System32\bcrypt.dll
0x00007ffdda180000 - 0x00007ffdda1ae000 	C:\Windows\SYSTEM32\USERENV.dll
0x00007ffdd95a0000 - 0x00007ffdd95ac000 	C:\Windows\SYSTEM32\CRYPTBASE.dll
0x00007ffdd9000000 - 0x00007ffdd903b000 	C:\Windows\SYSTEM32\IPHLPAPI.DLL
0x00007ffddaed0000 - 0x00007ffddaed8000 	C:\Windows\System32\NSI.dll
0x00007ffdd0860000 - 0x00007ffdd0877000 	C:\Windows\SYSTEM32\dhcpcsvc6.DLL
0x00007ffdd1270000 - 0x00007ffdd128d000 	C:\Windows\SYSTEM32\dhcpcsvc.DLL
0x00007ffdd9040000 - 0x00007ffdd910a000 	C:\Windows\SYSTEM32\DNSAPI.dll
0x00007ffdd2f60000 - 0x00007ffdd2f6e000 	C:\Users\USUARIO\.jdks\corretto-17.0.7\bin\sunmscapi.dll
0x00007ffdda2d0000 - 0x00007ffdda42d000 	C:\Windows\System32\CRYPT32.dll
0x00007ffdd9620000 - 0x00007ffdd9647000 	C:\Windows\SYSTEM32\ncrypt.dll
0x00007ffdd95e0000 - 0x00007ffdd961b000 	C:\Windows\SYSTEM32\NTASN1.dll
0x00007ffdce1a0000 - 0x00007ffdce1b0000 	C:\Users\USUARIO\.jdks\corretto-17.0.7\bin\verify.dll
0x00007ffdcbd60000 - 0x00007ffdcbd6a000 	C:\Windows\System32\rasadhlp.dll
0x00007ffdcbf10000 - 0x00007ffdcbf92000 	C:\Windows\System32\fwpuclnt.dll

dbghelp: loaded successfully - version: 4.0.5 - missing functions: none
symbol engine: initialized successfully - sym options: 0x614 - pdb path: .;C:\Users\USUARIO\.jdks\corretto-17.0.7\bin;C:\Windows\SYSTEM32;C:\Windows\WinSxS\amd64_microsoft.windows.common-controls_6595b64144ccf1df_6.0.19041.3570_none_60bb2a3971f3e41a;C:\Users\USUARIO\.jdks\corretto-17.0.7\bin\server

VM Arguments:
jvm_args: -Dfile.encoding=windows-1252 -Duser.country=CO -Duser.language=es -Duser.variant 
java_command: com.karmelshoes.KarmelshoesApplication
java_class_path (initial): C:\Users\USUARIO\Desktop\sena\karmelshoes\build\classes\java\main;C:\Users\USUARIO\Desktop\sena\karmelshoes\build\resources\main;C:\Users\USUARIO\.gradle\caches\modules-2\files-2.1\org.springframework.boot\spring-boot-devtools\3.1.5\e7725476fbcd154d7ee5d85446cac2e16db1d818\spring-boot-devtools-3.1.5.jar;C:\Users\USUARIO\.gradle\caches\modules-2\files-2.1\org.springframework.boot\spring-boot-starter-data-jpa\3.1.5\5fdcfab1fe9d6dddf4352d71f5ed879eb1aa92c2\spring-boot-starter-data-jpa-3.1.5.jar;C:\Users\USUARIO\.gradle\caches\modules-2\files-2.1\org.springframework.boot\spring-boot-starter-web\3.1.5\3674e5603cc25bc4dccf73b97d50234332fc3d72\spring-boot-starter-web-3.1.5.jar;C:\Users\USUARIO\.gradle\caches\modules-2\files-2.1\org.mapstruct\mapstruct\1.5.5.Final\2ca3cbe39b6e9ea8d5ea521965a89bef2a1e8eeb\mapstruct-1.5.5.Final.jar;C:\Users\USUARIO\.gradle\caches\modules-2\files-2.1\org.springframework.boot\spring-boot-starter-validation\3.1.5\f653e6661ec3da08003789f4a6583d1674e333b1\spring-boot-starter-validation-3.1.5.jar;C:\Users\USUARIO\.gradle\caches\modules-2\files-2.1\com.mysql\mysql-connector-j\8.0.33\9e64d997873abc4318620264703d3fdb6b02dd5a\mysql-connector-j-8.0.33.jar;C:\Users\USUARIO\.gradle\caches\modules-2\files-2.1\org.springframework.boot\spring-boot-starter-aop\3.1.5\2ac1f8bf4c2bce13b46d04abafc69a4f1523a08\spring-boot-starter-aop-3.1.5.jar;C:\Users\USUARIO\.gradle\caches\modules-2\files-2.1\org.springframework.boot\spring-boot-starter-jdbc\3.1.5\138c0e0ab493d8a51bb51dfc3b7144d702ff4c26\spring-boot-starter-jdbc-3.1.5.jar;C:\Users\USUARIO\.gradle\caches\modules-2\files-2.1\org.springframework.boot\spring-boot-starter-json\3.1.5\36ce79c1a5c63ffd72b092eb312cb35ac6edb128\spring-boot-starter-json-3.1.5.jar;C:\Users\USUARIO\.gradle\caches\modules-2\files-2.1\org.springframework.boot\spring-boot-starter\3.1.5\a14cd17b86261933929566775d80c65b9f7440fc\spring-boot-starter-3.1.5.jar;C:\Users\USUARIO\.gradle\caches\modules-2\files-2.1\org.sprin
Launcher Type: SUN_STANDARD

[Global flags]
     intx CICompilerCount                          = 3                                         {product} {ergonomic}
     uint ConcGCThreads                            = 1                                         {product} {ergonomic}
     uint G1ConcRefinementThreads                  = 4                                         {product} {ergonomic}
   size_t G1HeapRegionSize                         = 1048576                                   {product} {ergonomic}
    uintx GCDrainStackTargetSize                   = 64                                        {product} {ergonomic}
   size_t InitialHeapSize                          = 58720256                                  {product} {ergonomic}
   size_t MarkStackSize                            = 4194304                                   {product} {ergonomic}
   size_t MaxHeapSize                              = 929038336                                 {product} {ergonomic}
   size_t MaxNewSize                               = 556793856                                 {product} {ergonomic}
   size_t MinHeapDeltaBytes                        = 1048576                                   {product} {ergonomic}
   size_t MinHeapSize                              = 8388608                                   {product} {ergonomic}
    uintx NonNMethodCodeHeapSize                   = 5832780                                {pd product} {ergonomic}
    uintx NonProfiledCodeHeapSize                  = 122912730                              {pd product} {ergonomic}
    uintx ProfiledCodeHeapSize                     = 122912730                              {pd product} {ergonomic}
    uintx ReservedCodeCacheSize                    = 251658240                              {pd product} {ergonomic}
     bool SegmentedCodeCache                       = true                                      {product} {ergonomic}
   size_t SoftMaxHeapSize                          = 929038336                              {manageable} {ergonomic}
     bool UseCompressedClassPointers               = true                           {product lp64_product} {ergonomic}
     bool UseCompressedOops                        = true                           {product lp64_product} {ergonomic}
     bool UseG1GC                                  = true                                      {product} {ergonomic}
     bool UseLargePagesIndividualAllocation        = false                                  {pd product} {ergonomic}

Logging:
Log output configuration:
 #0: stdout all=warning uptime,level,tags
 #1: stderr all=off uptime,level,tags

Environment Variables:
PATH=C:\Program Files\Common Files\Oracle\Java\javapath;C:\Program Files (x86)\Common Files\Oracle\Java\javapath;C:\Windows\system32;C:\Windows;C:\Windows\System32\Wbem;C:\Windows\System32\WindowsPowerShell\v1.0\;C:\Windows\System32\OpenSSH\;C:\Program Files\Git\cmd;C:\Users\USUARIO\Downloads\apache-maven-3.9.2\bin;C:\Program Files\nodejs\;C:\Program Files\MySQL\MySQL Shell 8.0\bin\;C:\Users\USUARIO\AppData\Local\Microsoft\WindowsApps;;C:\Users\USUARIO\AppData\Local\Programs\Microsoft VS Code\bin;C:\Program Files\JetBrains\IntelliJ IDEA Community Edition 2023.1.2\bin;;C:\Users\USUARIO\AppData\Roaming\npm
USERNAME=USUARIO
OS=Windows_NT
PROCESSOR_IDENTIFIER=AMD64 Family 22 Model 0 Stepping 1, AuthenticAMD
TMP=C:\Users\USUARIO\AppData\Local\Temp
TEMP=C:\Users\USUARIO\AppData\Local\Temp



---------------  S Y S T E M  ---------------

OS:
 Windows 10 , 64 bit Build 19041 (10.0.19041.3570)
OS uptime: 16 days 9:03 hours

CPU: total 4 (initial active 4) (4 cores per cpu, 1 threads per core) family 22 model 0 stepping 1 microcode 0x0, cx8, cmov, fxsr, mmx, 3dnowpref, sse, sse2, sse3, ssse3, sse4a, sse4.1, sse4.2, popcnt, lzcnt, tsc, tscinvbit, avx, aes, clmul, bmi1, vzeroupper, clflush

Memory: 4k page, system-wide physical 3537M (419M free)
TotalPageFile size 9681M (AvailPageFile size 7M)
current process WorkingSet (physical memory assigned to process): 213M, peak: 216M
current process commit charge ("private bytes"): 244M, peak: 247M

vm_info: OpenJDK 64-Bit Server VM (17.0.7+7-LTS) for windows-amd64 JRE (17.0.7+7-LTS), built on Apr 14 2023 01:39:21 by "Administrator" with MS VC++ 15.9 (VS2017)

END.
